   1              		.syntax unified
   2              		.cpu cortex-m4
   3              		.fpu softvfp
   4              		.eabi_attribute 20, 1
   5              		.eabi_attribute 21, 1
   6              		.eabi_attribute 23, 3
   7              		.eabi_attribute 24, 1
   8              		.eabi_attribute 25, 1
   9              		.eabi_attribute 26, 1
  10              		.eabi_attribute 30, 2
  11              		.eabi_attribute 18, 4
  12              		.thumb
  13              		.file	"master_main.c"
  14              		.text
  15              		.align	2
  16              		.thumb
  17              		.thumb_func
  19              	itoa.part.0:
  20              		@ args = 0, pretend = 0, frame = 16
  21              		@ frame_needed = 0, uses_anonymous_args = 0
  22 0000 2DE9F043 		push	{r4, r5, r6, r7, r8, r9, lr}
  23 0004 6FEA0008 		mvn	r8, r0
  24 0008 85B0     		sub	sp, sp, #20
  25 000a 0346     		mov	r3, r0
  26 000c 4FEAD878 		lsr	r8, r8, #31
  27 0010 0028     		cmp	r0, #0
  28 0012 6CD0     		beq	.L9
  29 0014 46F2676E 		movw	lr, #26215
  30 0018 364F     		ldr	r7, .L17
  31 001a 374C     		ldr	r4, .L17+4
  32 001c B8F1000F 		cmp	r8, #0
  33 0020 25D1     		bne	.L10
  34 0022 4646     		mov	r6, r8
  35 0024 0DF1040C 		add	ip, sp, #4
  36 0028 C6F2666E 		movt	lr, 26214
  37              	.L4:
  38 002c 97E80700 		ldmia	r7, {r0, r1, r2}
  39 0030 6546     		mov	r5, ip
  40 0032 03C5     		stmia	r5!, {r0, r1}
  41 0034 8EFB0310 		smull	r1, r0, lr, r3
  42 0038 D917     		asrs	r1, r3, #31
  43 003a C1EBA001 		rsb	r1, r1, r0, asr #2
  44 003e 01EB8101 		add	r1, r1, r1, lsl #2
  45 0042 25F8022B 		strh	r2, [r5], #2	@ movhi
  46 0046 A3EB4101 		sub	r1, r3, r1, lsl #1
  47 004a 0DF11008 		add	r8, sp, #16
  48 004e 120C     		lsrs	r2, r2, #16
  49 0050 C1EB0800 		rsb	r0, r1, r8
  50 0054 2A70     		strb	r2, [r5, #0]
  51 0056 5B1A     		subs	r3, r3, r1
  52 0058 10F80C1C 		ldrb	r1, [r0, #-12]	@ zero_extendqisi2
  53 005c 8EFB0392 		smull	r9, r2, lr, r3
  54 0060 DB17     		asrs	r3, r3, #31
  55 0062 3155     		strb	r1, [r6, r4]
  56 0064 0136     		adds	r6, r6, #1
  57 0066 D3EBA203 		rsbs	r3, r3, r2, asr #2
  58 006a DFD1     		bne	.L4
  59 006c 27E0     		b	.L15
  60              	.L10:
  61 006e 0026     		movs	r6, #0
  62 0070 0DF1040C 		add	ip, sp, #4
  63 0074 C6F2666E 		movt	lr, 26214
  64              	.L3:
  65 0078 97E80700 		ldmia	r7, {r0, r1, r2}
  66 007c 6546     		mov	r5, ip
  67 007e 03C5     		stmia	r5!, {r0, r1}
  68 0080 8EFB0310 		smull	r1, r0, lr, r3
  69 0084 D917     		asrs	r1, r3, #31
  70 0086 C1EBA001 		rsb	r1, r1, r0, asr #2
  71 008a 01EB8101 		add	r1, r1, r1, lsl #2
  72 008e 25F8022B 		strh	r2, [r5], #2	@ movhi
  73 0092 A3EB4101 		sub	r1, r3, r1, lsl #1
  74 0096 0DF11009 		add	r9, sp, #16
  75 009a 120C     		lsrs	r2, r2, #16
  76 009c 09EB0100 		add	r0, r9, r1
  77 00a0 2A70     		strb	r2, [r5, #0]
  78 00a2 5B1A     		subs	r3, r3, r1
  79 00a4 10F80C1C 		ldrb	r1, [r0, #-12]	@ zero_extendqisi2
  80 00a8 8EFB0302 		smull	r0, r2, lr, r3
  81 00ac DB17     		asrs	r3, r3, #31
  82 00ae 3155     		strb	r1, [r6, r4]
  83 00b0 0136     		adds	r6, r6, #1
  84 00b2 D3EBA203 		rsbs	r3, r3, r2, asr #2
  85 00b6 DFD1     		bne	.L3
  86              	.L2:
  87 00b8 B8F1000F 		cmp	r8, #0
  88 00bc 02D1     		bne	.L6
  89              	.L15:
  90 00be 2D23     		movs	r3, #45
  91 00c0 A355     		strb	r3, [r4, r6]
  92 00c2 0136     		adds	r6, r6, #1
  93              	.L6:
  94 00c4 0023     		movs	r3, #0
  95 00c6 0C48     		ldr	r0, .L17+4
  96 00c8 A355     		strb	r3, [r4, r6]
  97 00ca FFF7FEFF 		bl	strlen
  98 00ce 431E     		subs	r3, r0, #1
  99 00d0 E318     		adds	r3, r4, r3
 100 00d2 A342     		cmp	r3, r4
 101 00d4 08D9     		bls	.L11
 102 00d6 084A     		ldr	r2, .L17+4
 103              	.L8:
 104 00d8 1978     		ldrb	r1, [r3, #0]	@ zero_extendqisi2
 105 00da 1078     		ldrb	r0, [r2, #0]	@ zero_extendqisi2
 106 00dc 03F80109 		strb	r0, [r3], #-1
 107 00e0 02F8011B 		strb	r1, [r2], #1
 108 00e4 9342     		cmp	r3, r2
 109 00e6 F7D8     		bhi	.L8
 110              	.L11:
 111 00e8 05B0     		add	sp, sp, #20
 112 00ea BDE8F083 		pop	{r4, r5, r6, r7, r8, r9, pc}
 113              	.L9:
 114 00ee 024C     		ldr	r4, .L17+4
 115 00f0 0646     		mov	r6, r0
 116 00f2 E1E7     		b	.L2
 117              	.L18:
 118              		.align	2
 119              	.L17:
 120 00f4 00000000 		.word	.LC1
 121 00f8 00000000 		.word	.LANCHOR0
 123              		.align	2
 124              		.global	itoa
 125              		.thumb
 126              		.thumb_func
 128              	itoa:
 129              		@ args = 0, pretend = 0, frame = 0
 130              		@ frame_needed = 0, uses_anonymous_args = 0
 131 00fc 08B5     		push	{r3, lr}
 132 00fe 18B1     		cbz	r0, .L22
 133 0100 FFF77EFF 		bl	itoa.part.0
 134 0104 0348     		ldr	r0, .L23
 135 0106 08BD     		pop	{r3, pc}
 136              	.L22:
 137 0108 024A     		ldr	r2, .L23
 138 010a 3021     		movs	r1, #48
 139 010c 5070     		strb	r0, [r2, #1]
 140 010e 1170     		strb	r1, [r2, #0]
 141 0110 0048     		ldr	r0, .L23
 142 0112 08BD     		pop	{r3, pc}
 143              	.L24:
 144              		.align	2
 145              	.L23:
 146 0114 00000000 		.word	.LANCHOR0
 148              		.align	2
 149              		.global	get_char
 150              		.thumb
 151              		.thumb_func
 153              	get_char:
 154              		@ args = 0, pretend = 0, frame = 16
 155              		@ frame_needed = 0, uses_anonymous_args = 0
 156              		@ link register save eliminated.
 157 0118 10B4     		push	{r4}
 158 011a 40F20003 		movw	r3, #:lower16:.LC1
 159 011e C0F20003 		movt	r3, #:upper16:.LC1
 160 0122 0446     		mov	r4, r0
 161 0124 93E80700 		ldmia	r3, {r0, r1, r2}
 162 0128 85B0     		sub	sp, sp, #20
 163 012a 01AB     		add	r3, sp, #4
 164 012c 03C3     		stmia	r3!, {r0, r1}
 165 012e 04A9     		add	r1, sp, #16
 166 0130 23F8022B 		strh	r2, [r3], #2	@ movhi
 167 0134 0C19     		adds	r4, r1, r4
 168 0136 120C     		lsrs	r2, r2, #16
 169 0138 1A70     		strb	r2, [r3, #0]
 170 013a 14F80C0C 		ldrb	r0, [r4, #-12]	@ zero_extendqisi2
 171 013e 05B0     		add	sp, sp, #20
 172 0140 10BC     		pop	{r4}
 173 0142 7047     		bx	lr
 175              		.align	2
 176              		.global	rev
 177              		.thumb
 178              		.thumb_func
 180              	rev:
 181              		@ args = 0, pretend = 0, frame = 0
 182              		@ frame_needed = 0, uses_anonymous_args = 0
 183 0144 10B5     		push	{r4, lr}
 184 0146 0446     		mov	r4, r0
 185 0148 FFF7FEFF 		bl	strlen
 186 014c 431E     		subs	r3, r0, #1
 187 014e E318     		adds	r3, r4, r3
 188 0150 9C42     		cmp	r4, r3
 189 0152 07D2     		bcs	.L26
 190              	.L28:
 191 0154 1A78     		ldrb	r2, [r3, #0]	@ zero_extendqisi2
 192 0156 2178     		ldrb	r1, [r4, #0]	@ zero_extendqisi2
 193 0158 03F80119 		strb	r1, [r3], #-1
 194 015c 04F8012B 		strb	r2, [r4], #1
 195 0160 A342     		cmp	r3, r4
 196 0162 F7D8     		bhi	.L28
 197              	.L26:
 198 0164 10BD     		pop	{r4, pc}
 200 0166 00BF     		.align	2
 201              		.global	toHex
 202              		.thumb
 203              		.thumb_func
 205              	toHex:
 206              		@ args = 0, pretend = 0, frame = 0
 207              		@ frame_needed = 0, uses_anonymous_args = 0
 208              		@ link register save eliminated.
 209 0168 0928     		cmp	r0, #9
 210 016a 02D9     		bls	.L33
 211 016c 5730     		adds	r0, r0, #87
 212 016e C0B2     		uxtb	r0, r0
 213 0170 7047     		bx	lr
 214              	.L33:
 215 0172 3030     		adds	r0, r0, #48
 216 0174 C0B2     		uxtb	r0, r0
 217 0176 7047     		bx	lr
 219              		.align	2
 220              		.global	Delay2
 221              		.thumb
 222              		.thumb_func
 224              	Delay2:
 225              		@ args = 0, pretend = 0, frame = 0
 226              		@ frame_needed = 0, uses_anonymous_args = 0
 227              		@ link register save eliminated.
 228 0178 7047     		bx	lr
 230 017a 00BF     		.align	2
 231              		.global	printReport
 232              		.thumb
 233              		.thumb_func
 235              	printReport:
 236              		@ args = 0, pretend = 0, frame = 8
 237              		@ frame_needed = 0, uses_anonymous_args = 0
 238 017c 2DE9F04F 		push	{r4, r5, r6, r7, r8, r9, sl, fp, lr}
 239 0180 0027     		movs	r7, #0
 240 0182 DFF84481 		ldr	r8, .L58+16
 241 0186 DFF830A1 		ldr	sl, .L58
 242 018a 83B0     		sub	sp, sp, #12
 243 018c 3026     		movs	r6, #48
 244 018e BB46     		mov	fp, r7
 245              	.L50:
 246 0190 40F20002 		movw	r2, #:lower16:.LANCHOR0
 247 0194 C0F20002 		movt	r2, #:upper16:.LANCHOR0
 248 0198 906A     		ldr	r0, [r2, #40]
 249 019a 0028     		cmp	r0, #0
 250 019c 78D0     		beq	.L53
 251 019e FFF72FFF 		bl	itoa.part.0
 252              	.L37:
 253 01a2 4548     		ldr	r0, .L58
 254 01a4 FFF7FEFF 		bl	Q_UART_DMAsendZTString
 255 01a8 4FEA4709 		lsl	r9, r7, #1
 256 01ac 4348     		ldr	r0, .L58+4
 257 01ae FFF7FEFF 		bl	Q_UART_DMAsendZTString
 258 01b2 09EB0703 		add	r3, r9, r7
 259 01b6 58F83300 		ldr	r0, [r8, r3, lsl #3]
 260 01ba 0028     		cmp	r0, #0
 261 01bc 77D0     		beq	.L54
 262 01be FFF71FFF 		bl	itoa.part.0
 263              	.L39:
 264 01c2 3D48     		ldr	r0, .L58
 265 01c4 FFF7FEFF 		bl	Q_UART_DMAsendZTString
 266 01c8 3C48     		ldr	r0, .L58+4
 267 01ca FFF7FEFF 		bl	Q_UART_DMAsendZTString
 268 01ce 09EB0703 		add	r3, r9, r7
 269 01d2 08EBC303 		add	r3, r8, r3, lsl #3
 270 01d6 5868     		ldr	r0, [r3, #4]
 271 01d8 0028     		cmp	r0, #0
 272 01da 63D0     		beq	.L55
 273 01dc FFF710FF 		bl	itoa.part.0
 274              	.L41:
 275 01e0 3548     		ldr	r0, .L58
 276 01e2 FFF7FEFF 		bl	Q_UART_DMAsendZTString
 277 01e6 3548     		ldr	r0, .L58+4
 278 01e8 FFF7FEFF 		bl	Q_UART_DMAsendZTString
 279 01ec 09EB0703 		add	r3, r9, r7
 280 01f0 08EBC303 		add	r3, r8, r3, lsl #3
 281 01f4 9868     		ldr	r0, [r3, #8]
 282 01f6 0028     		cmp	r0, #0
 283 01f8 4FD0     		beq	.L56
 284 01fa FFF701FF 		bl	itoa.part.0
 285              	.L43:
 286 01fe 2E48     		ldr	r0, .L58
 287 0200 09EB0705 		add	r5, r9, r7
 288 0204 FFF7FEFF 		bl	Q_UART_DMAsendZTString
 289 0208 08EBC505 		add	r5, r8, r5, lsl #3
 290 020c 2B48     		ldr	r0, .L58+4
 291 020e FFF7FEFF 		bl	Q_UART_DMAsendZTString
 292 0212 2B48     		ldr	r0, .L58+8
 293 0214 FFF7FEFF 		bl	Q_UART_DMAsendZTString
 294 0218 2B7B     		ldrb	r3, [r5, #12]	@ zero_extendqisi2
 295 021a 03B3     		cbz	r3, .L44
 296 021c 0024     		movs	r4, #0
 297 021e 14E0     		b	.L49
 298              	.L57:
 299 0220 3033     		adds	r3, r3, #48
 300              	.L46:
 301 0222 2A19     		adds	r2, r5, r4
 302 0224 8DF80430 		strb	r3, [sp, #4]
 303 0228 537B     		ldrb	r3, [r2, #13]	@ zero_extendqisi2
 304 022a 03F00F03 		and	r3, r3, #15
 305 022e 092B     		cmp	r3, #9
 306 0230 13D8     		bhi	.L47
 307 0232 3033     		adds	r3, r3, #48
 308              	.L48:
 309 0234 01A8     		add	r0, sp, #4
 310 0236 8DF80530 		strb	r3, [sp, #5]
 311 023a 8DF80660 		strb	r6, [sp, #6]
 312 023e FFF7FEFF 		bl	Q_UART_DMAsendZTString
 313 0242 2B7B     		ldrb	r3, [r5, #12]	@ zero_extendqisi2
 314 0244 0134     		adds	r4, r4, #1
 315 0246 A342     		cmp	r3, r4
 316 0248 09DD     		ble	.L44
 317              	.L49:
 318 024a 2B19     		adds	r3, r5, r4
 319 024c 0833     		adds	r3, r3, #8
 320 024e 5B79     		ldrb	r3, [r3, #5]	@ zero_extendqisi2
 321 0250 1B09     		lsrs	r3, r3, #4
 322 0252 092B     		cmp	r3, #9
 323 0254 E4D9     		bls	.L57
 324 0256 5733     		adds	r3, r3, #87
 325 0258 E3E7     		b	.L46
 326              	.L47:
 327 025a 5733     		adds	r3, r3, #87
 328 025c EAE7     		b	.L48
 329              	.L44:
 330 025e B944     		add	r9, r9, r7
 331 0260 1848     		ldr	r0, .L58+12
 332 0262 FFF7FEFF 		bl	Q_UART_DMAsendZTString
 333 0266 0137     		adds	r7, r7, #1
 334 0268 08EBC903 		add	r3, r8, r9, lsl #3
 335 026c 042F     		cmp	r7, #4
 336 026e 48F839B0 		str	fp, [r8, r9, lsl #3]
 337 0272 C3F804B0 		str	fp, [r3, #4]
 338 0276 C3F808B0 		str	fp, [r3, #8]
 339 027a 89D1     		bne	.L50
 340 027c 40F20002 		movw	r2, #:lower16:.LANCHOR0
 341 0280 C0F20002 		movt	r2, #:upper16:.LANCHOR0
 342 0284 936A     		ldr	r3, [r2, #40]
 343 0286 0133     		adds	r3, r3, #1
 344 0288 9362     		str	r3, [r2, #40]
 345 028a 03B0     		add	sp, sp, #12
 346 028c BDE8F08F 		pop	{r4, r5, r6, r7, r8, r9, sl, fp, pc}
 347              	.L53:
 348 0290 8AF80060 		strb	r6, [sl, #0]
 349 0294 8AF80100 		strb	r0, [sl, #1]
 350 0298 83E7     		b	.L37
 351              	.L56:
 352 029a 8AF80060 		strb	r6, [sl, #0]
 353 029e 8AF80100 		strb	r0, [sl, #1]
 354 02a2 ACE7     		b	.L43
 355              	.L55:
 356 02a4 8AF80060 		strb	r6, [sl, #0]
 357 02a8 8AF80100 		strb	r0, [sl, #1]
 358 02ac 98E7     		b	.L41
 359              	.L54:
 360 02ae 8AF80060 		strb	r6, [sl, #0]
 361 02b2 8AF80100 		strb	r0, [sl, #1]
 362 02b6 84E7     		b	.L39
 363              	.L59:
 364              		.align	2
 365              	.L58:
 366 02b8 00000000 		.word	.LANCHOR0
 367 02bc 0C000000 		.word	.LC2
 368 02c0 10000000 		.word	.LC3
 369 02c4 14000000 		.word	.LC4
 370 02c8 00000000 		.word	report
 372              		.align	2
 373              		.global	master_main
 374              		.thumb
 375              		.thumb_func
 377              	master_main:
 378              		@ args = 0, pretend = 0, frame = 32
 379              		@ frame_needed = 0, uses_anonymous_args = 0
 380 02cc 70B5     		push	{r4, r5, r6, lr}
 381 02ce 0120     		movs	r0, #1
 382 02d0 88B0     		sub	sp, sp, #32
 383 02d2 4FF08045 		mov	r5, #1073741824
 384 02d6 FFF7FEFF 		bl	Timer_init
 385 02da FFF7FEFF 		bl	Q_UART_init
 386 02de 2048     		ldr	r0, .L68
 387 02e0 204E     		ldr	r6, .L68+4
 388 02e2 FFF7FEFF 		bl	Q_UART_DMAsendZTString
 389 02e6 2B88     		ldrh	r3, [r5, #0]
 390 02e8 9BB2     		uxth	r3, r3
 391 02ea 43F00103 		orr	r3, r3, #1
 392 02ee 2B80     		strh	r3, [r5, #0]	@ movhi
 393 02f0 3478     		ldrb	r4, [r6, #0]	@ zero_extendqisi2
 394 02f2 5CB1     		cbz	r4, .L61
 395 02f4 12E0     		b	.L65
 396              	.L67:
 397 02f6 FFF7FEFF 		bl	STM_EVAL_LEDOn
 398              	.L64:
 399 02fa 2B88     		ldrh	r3, [r5, #0]
 400 02fc 9BB2     		uxth	r3, r3
 401 02fe 43F00103 		orr	r3, r3, #1
 402 0302 2B80     		strh	r3, [r5, #0]	@ movhi
 403 0304 3378     		ldrb	r3, [r6, #0]	@ zero_extendqisi2
 404 0306 84F00104 		eor	r4, r4, #1
 405 030a 3BB9     		cbnz	r3, .L65
 406              	.L61:
 407 030c FFF7FEFF 		bl	Timer_stopTimer
 408 0310 0220     		movs	r0, #2
 409 0312 002C     		cmp	r4, #0
 410 0314 EFD0     		beq	.L67
 411 0316 FFF7FEFF 		bl	STM_EVAL_LEDOff
 412 031a EEE7     		b	.L64
 413              	.L65:
 414 031c 0424     		movs	r4, #4
 415 031e 0023     		movs	r3, #0
 416 0320 1149     		ldr	r1, .L68+8
 417 0322 8DF80E40 		strb	r4, [sp, #14]
 418 0326 0822     		movs	r2, #8
 419 0328 06A8     		add	r0, sp, #24
 420 032a 0124     		movs	r4, #1
 421 032c 8DF80D30 		strb	r3, [sp, #13]
 422 0330 8DF80C30 		strb	r3, [sp, #12]
 423 0334 0194     		str	r4, [sp, #4]
 424 0336 FFF7FEFF 		bl	memcpy
 425 033a 0822     		movs	r2, #8
 426 033c 06A9     		add	r1, sp, #24
 427 033e 0DF10F00 		add	r0, sp, #15
 428 0342 FFF7FEFF 		bl	memcpy
 429 0346 4FF4C840 		mov	r0, #25600
 430 034a 01A9     		add	r1, sp, #4
 431 034c C4F20000 		movt	r0, 16384
 432 0350 FFF7FEFF 		bl	CAN_Transmit
 433 0354 0548     		ldr	r0, .L68+12
 434 0356 FFF7FEFF 		bl	Q_UART_DMAsendZTString
 435 035a FFF7FEFF 		bl	printReport
 436              	.L62:
 437 035e FEE7     		b	.L62
 438              	.L69:
 439              		.align	2
 440              	.L68:
 441 0360 18000000 		.word	.LC5
 442 0364 00000000 		.word	overflow
 443 0368 00000000 		.word	.LANCHOR1
 444 036c 2C000000 		.word	.LC6
 446              		.global	run
 447              		.global	strrep
 448              		.comm	lst,4,4
 449              		.section	.rodata
 450              		.align	2
 451              		.set	.LANCHOR1,. + 0
 452              	.LC0:
 453 0000 41       		.byte	65
 454 0001 46       		.byte	70
 455 0002 46       		.byte	70
 456 0003 45       		.byte	69
 457 0004 41       		.byte	65
 458 0005 46       		.byte	70
 459 0006 46       		.byte	70
 460 0007 45       		.byte	69
 461              		.section	.rodata.str1.4,"aMS",%progbits,1
 462              		.align	2
 463              	.LC1:
 464 0000 30313233 		.ascii	"0123456789\000"
 464      34353637 
 464      383900
 465 000b 00       		.space	1
 466              	.LC2:
 467 000c 203B2000 		.ascii	" ; \000"
 468              	.LC3:
 469 0010 307800   		.ascii	"0x\000"
 470 0013 00       		.space	1
 471              	.LC4:
 472 0014 0A00     		.ascii	"\012\000"
 473 0016 0000     		.space	2
 474              	.LC5:
 475 0018 23204D61 		.ascii	"# MasterNode up\012\000"
 475      73746572 
 475      4E6F6465 
 475      2075700A 
 475      00
 476 0029 000000   		.space	3
 477              	.LC6:
 478 002c 23204578 		.ascii	"# Experiment timeout\012\000"
 478      70657269 
 478      6D656E74 
 478      2074696D 
 478      656F7574 
 479 0042 0000     		.bss
 480              		.align	2
 481              		.set	.LANCHOR0,. + 0
 484              	strrep:
 485 0000 00000000 		.space	40
 485      00000000 
 485      00000000 
 485      00000000 
 485      00000000 
 488              	run:
 489 0028 00000000 		.space	4
 490              		.ident	"GCC: (Linaro GCC 4.6-2011.10) 4.6.2 20111004 (prerelease)"
DEFINED SYMBOLS
                            *ABS*:0000000000000000 master_main.c
     /tmp/ccuvDWJc.s:15     .text:0000000000000000 $t
     /tmp/ccuvDWJc.s:19     .text:0000000000000000 itoa.part.0
     /tmp/ccuvDWJc.s:120    .text:00000000000000f4 $d
     /tmp/ccuvDWJc.s:123    .text:00000000000000fc $t
     /tmp/ccuvDWJc.s:128    .text:00000000000000fc itoa
     /tmp/ccuvDWJc.s:146    .text:0000000000000114 $d
     /tmp/ccuvDWJc.s:148    .text:0000000000000118 $t
     /tmp/ccuvDWJc.s:153    .text:0000000000000118 get_char
     /tmp/ccuvDWJc.s:463    .rodata.str1.4:0000000000000000 .LC1
     /tmp/ccuvDWJc.s:180    .text:0000000000000144 rev
     /tmp/ccuvDWJc.s:205    .text:0000000000000168 toHex
     /tmp/ccuvDWJc.s:224    .text:0000000000000178 Delay2
     /tmp/ccuvDWJc.s:235    .text:000000000000017c printReport
     /tmp/ccuvDWJc.s:481    .bss:0000000000000000 .LANCHOR0
     /tmp/ccuvDWJc.s:366    .text:00000000000002b8 $d
     /tmp/ccuvDWJc.s:372    .text:00000000000002cc $t
     /tmp/ccuvDWJc.s:377    .text:00000000000002cc master_main
     /tmp/ccuvDWJc.s:441    .text:0000000000000360 $d
     /tmp/ccuvDWJc.s:488    .bss:0000000000000028 run
     /tmp/ccuvDWJc.s:484    .bss:0000000000000000 strrep
                            *COM*:0000000000000004 lst
     /tmp/ccuvDWJc.s:450    .rodata:0000000000000000 $d
     /tmp/ccuvDWJc.s:462    .rodata.str1.4:0000000000000000 $d
     /tmp/ccuvDWJc.s:480    .bss:0000000000000000 $d

UNDEFINED SYMBOLS
strlen
Q_UART_DMAsendZTString
report
Timer_init
Q_UART_init
STM_EVAL_LEDOn
Timer_stopTimer
STM_EVAL_LEDOff
memcpy
CAN_Transmit
overflow
