   1              		.syntax unified
   2              		.cpu cortex-m4
   3              		.fpu softvfp
   4              		.eabi_attribute 20, 1
   5              		.eabi_attribute 21, 1
   6              		.eabi_attribute 23, 3
   7              		.eabi_attribute 24, 1
   8              		.eabi_attribute 25, 1
   9              		.eabi_attribute 26, 1
  10              		.eabi_attribute 30, 2
  11              		.eabi_attribute 18, 4
  12              		.thumb
  13              		.file	"timer.c"
  14              		.text
  15              		.align	2
  16              		.global	Timer_init
  17              		.thumb
  18              		.thumb_func
  20              	Timer_init:
  21              		@ args = 0, pretend = 0, frame = 8
  22              		@ frame_needed = 0, uses_anonymous_args = 0
  23 0000 30B5     		push	{r4, r5, lr}
  24 0002 0546     		mov	r5, r0
  25 0004 0120     		movs	r0, #1
  26 0006 83B0     		sub	sp, sp, #12
  27 0008 0146     		mov	r1, r0
  28 000a 40F20004 		movw	r4, #:lower16:TIM_TimeBaseInitStruct
  29 000e C0F20004 		movt	r4, #:upper16:TIM_TimeBaseInitStruct
  30 0012 FFF7FEFF 		bl	RCC_APB1PeriphClockCmd
  31 0016 4FF08040 		mov	r0, #1073741824
  32 001a FFF7FEFF 		bl	TIM_DeInit
  33 001e 2046     		mov	r0, r4
  34 0020 FFF7FEFF 		bl	TIM_TimeBaseStructInit
  35 0024 40F20002 		movw	r2, #:lower16:SystemCoreClock
  36 0028 C0F20002 		movt	r2, #:upper16:SystemCoreClock
  37 002c 0023     		movs	r3, #0
  38 002e 1268     		ldr	r2, [r2, #0]
  39 0030 6380     		strh	r3, [r4, #2]	@ movhi
  40 0032 5208     		lsrs	r2, r2, #1
  41 0034 B2FBF5F5 		udiv	r5, r2, r5
  42 0038 2146     		mov	r1, r4
  43 003a 4FF08040 		mov	r0, #1073741824
  44 003e 2380     		strh	r3, [r4, #0]	@ movhi
  45 0040 2381     		strh	r3, [r4, #8]	@ movhi
  46 0042 6560     		str	r5, [r4, #4]
  47 0044 FFF7FEFF 		bl	TIM_TimeBaseInit
  48 0048 0121     		movs	r1, #1
  49 004a 4FF08040 		mov	r0, #1073741824
  50 004e FFF7FEFF 		bl	TIM_ClearITPendingBit
  51 0052 0121     		movs	r1, #1
  52 0054 4FF08040 		mov	r0, #1073741824
  53 0058 0A46     		mov	r2, r1
  54 005a FFF7FEFF 		bl	TIM_ITConfig
  55 005e 1C23     		movs	r3, #28
  56 0060 8DF80430 		strb	r3, [sp, #4]
  57 0064 0123     		movs	r3, #1
  58 0066 8DF80730 		strb	r3, [sp, #7]
  59 006a 01A8     		add	r0, sp, #4
  60 006c 0323     		movs	r3, #3
  61 006e 8DF80530 		strb	r3, [sp, #5]
  62 0072 FFF7FEFF 		bl	NVIC_Init
  63 0076 03B0     		add	sp, sp, #12
  64 0078 30BD     		pop	{r4, r5, pc}
  66 007a 00BF     		.align	2
  67              		.global	Timer_startTimer
  68              		.thumb
  69              		.thumb_func
  71              	Timer_startTimer:
  72              		@ args = 0, pretend = 0, frame = 0
  73              		@ frame_needed = 0, uses_anonymous_args = 0
  74              		@ link register save eliminated.
  75 007c 4FF08040 		mov	r0, #1073741824
  76 0080 0121     		movs	r1, #1
  77 0082 FFF7FEBF 		b	TIM_Cmd
  79 0086 00BF     		.align	2
  80              		.global	Timer_stopTimer
  81              		.thumb
  82              		.thumb_func
  84              	Timer_stopTimer:
  85              		@ args = 0, pretend = 0, frame = 0
  86              		@ frame_needed = 0, uses_anonymous_args = 0
  87 0088 08B5     		push	{r3, lr}
  88 008a 0021     		movs	r1, #0
  89 008c 4FF08040 		mov	r0, #1073741824
  90 0090 FFF7FEFF 		bl	TIM_Cmd
  91 0094 4FF08043 		mov	r3, #1073741824
  92 0098 0022     		movs	r2, #0
  93 009a 1846     		mov	r0, r3
  94 009c 0121     		movs	r1, #1
  95 009e 5A62     		str	r2, [r3, #36]
  96 00a0 BDE80840 		pop	{r3, lr}
  97 00a4 FFF7FEBF 		b	TIM_ClearITPendingBit
  99              		.global	overflow
 100              		.comm	TIM_TimeBaseInitStruct,12,4
 101              		.bss
 104              	overflow:
 105 0000 00       		.space	1
 106              		.ident	"GCC: (Linaro GCC 4.6-2011.10) 4.6.2 20111004 (prerelease)"
DEFINED SYMBOLS
                            *ABS*:0000000000000000 timer.c
     /tmp/cc4XAq5T.s:15     .text:0000000000000000 $t
     /tmp/cc4XAq5T.s:20     .text:0000000000000000 Timer_init
                            *COM*:000000000000000c TIM_TimeBaseInitStruct
     /tmp/cc4XAq5T.s:71     .text:000000000000007c Timer_startTimer
     /tmp/cc4XAq5T.s:84     .text:0000000000000088 Timer_stopTimer
     /tmp/cc4XAq5T.s:104    .bss:0000000000000000 overflow
     /tmp/cc4XAq5T.s:105    .bss:0000000000000000 $d

UNDEFINED SYMBOLS
RCC_APB1PeriphClockCmd
TIM_DeInit
TIM_TimeBaseStructInit
SystemCoreClock
TIM_TimeBaseInit
TIM_ClearITPendingBit
TIM_ITConfig
NVIC_Init
TIM_Cmd
