   1              		.syntax unified
   2              		.cpu cortex-m4
   3              		.fpu softvfp
   4              		.eabi_attribute 20, 1
   5              		.eabi_attribute 21, 1
   6              		.eabi_attribute 23, 3
   7              		.eabi_attribute 24, 1
   8              		.eabi_attribute 25, 1
   9              		.eabi_attribute 26, 1
  10              		.eabi_attribute 30, 2
  11              		.eabi_attribute 18, 4
  12              		.thumb
  13              		.file	"syscalls.c"
  14              		.text
  15              		.align	2
  16              		.global	_sbrk
  17              		.thumb
  18              		.thumb_func
  20              	_sbrk:
  21              		@ args = 0, pretend = 0, frame = 0
  22              		@ frame_needed = 0, uses_anonymous_args = 0
  23              		@ link register save eliminated.
  24 0000 064A     		ldr	r2, .L7
  25 0002 1368     		ldr	r3, [r2, #0]
  26 0004 3BB1     		cbz	r3, .L6
  27              	.L2:
  28 0006 0649     		ldr	r1, .L7+4
  29 0008 1818     		adds	r0, r3, r0
  30 000a 8842     		cmp	r0, r1
  31 000c 34BF     		ite	cc
  32 000e 1060     		strcc	r0, [r2, #0]
  33 0010 0023     		movcs	r3, #0
  34 0012 1846     		mov	r0, r3
  35 0014 7047     		bx	lr
  36              	.L6:
  37 0016 034B     		ldr	r3, .L7+8
  38 0018 1360     		str	r3, [r2, #0]
  39 001a F4E7     		b	.L2
  40              	.L8:
  41              		.align	2
  42              	.L7:
  43 001c 00000000 		.word	.LANCHOR0
  44 0020 00000000 		.word	__heap_end__
  45 0024 00000000 		.word	__heap_start__
  47              		.align	2
  48              		.global	__malloc_lock
  49              		.thumb
  50              		.thumb_func
  52              	__malloc_lock:
  53              		@ args = 0, pretend = 0, frame = 0
  54              		@ frame_needed = 0, uses_anonymous_args = 0
  55              		@ link register save eliminated.
  56              	@ 321 "//home/pyro/workspace/workspace_STM32/CAN/lib/CMSIS/Include/core_cmFunc.h" 1
  57 0028 72B6     		cpsid i
  58              	@ 0 "" 2
  59              		.thumb
  60 002a 40F20003 		movw	r3, #:lower16:.LANCHOR0
  61 002e C0F20003 		movt	r3, #:upper16:.LANCHOR0
  62 0032 5A68     		ldr	r2, [r3, #4]
  63 0034 0132     		adds	r2, r2, #1
  64 0036 5A60     		str	r2, [r3, #4]
  65 0038 7047     		bx	lr
  67 003a 00BF     		.align	2
  68              		.global	__malloc_unlock
  69              		.thumb
  70              		.thumb_func
  72              	__malloc_unlock:
  73              		@ args = 0, pretend = 0, frame = 0
  74              		@ frame_needed = 0, uses_anonymous_args = 0
  75              		@ link register save eliminated.
  76 003c 034A     		ldr	r2, .L12
  77 003e 5368     		ldr	r3, [r2, #4]
  78 0040 013B     		subs	r3, r3, #1
  79 0042 5360     		str	r3, [r2, #4]
  80 0044 03B9     		cbnz	r3, .L10
  81              	@ 310 "//home/pyro/workspace/workspace_STM32/CAN/lib/CMSIS/Include/core_cmFunc.h" 1
  82 0046 62B6     		cpsie i
  83              	@ 0 "" 2
  84              		.thumb
  85              	.L10:
  86 0048 7047     		bx	lr
  87              	.L13:
  88 004a 00BF     		.align	2
  89              	.L12:
  90 004c 00000000 		.word	.LANCHOR0
  92              		.global	lock
  93              		.bss
  94              		.align	2
  95              		.set	.LANCHOR0,. + 0
  98              	heap.5381:
  99 0000 00000000 		.space	4
 102              	lock:
 103 0004 00000000 		.space	4
 104              		.ident	"GCC: (Linaro GCC 4.6-2011.10) 4.6.2 20111004 (prerelease)"
DEFINED SYMBOLS
                            *ABS*:0000000000000000 syscalls.c
     /tmp/ccgIyzkd.s:15     .text:0000000000000000 $t
     /tmp/ccgIyzkd.s:20     .text:0000000000000000 _sbrk
     /tmp/ccgIyzkd.s:43     .text:000000000000001c $d
     /tmp/ccgIyzkd.s:47     .text:0000000000000028 $t
     /tmp/ccgIyzkd.s:52     .text:0000000000000028 __malloc_lock
     /tmp/ccgIyzkd.s:95     .bss:0000000000000000 .LANCHOR0
     /tmp/ccgIyzkd.s:72     .text:000000000000003c __malloc_unlock
     /tmp/ccgIyzkd.s:90     .text:000000000000004c $d
     /tmp/ccgIyzkd.s:102    .bss:0000000000000004 lock
     /tmp/ccgIyzkd.s:94     .bss:0000000000000000 $d
     /tmp/ccgIyzkd.s:98     .bss:0000000000000000 heap.5381

UNDEFINED SYMBOLS
__heap_end__
__heap_start__
