   1              		.syntax unified
   2              		.cpu cortex-m4
   3              		.fpu softvfp
   4              		.eabi_attribute 20, 1
   5              		.eabi_attribute 21, 1
   6              		.eabi_attribute 23, 3
   7              		.eabi_attribute 24, 1
   8              		.eabi_attribute 25, 1
   9              		.eabi_attribute 26, 1
  10              		.eabi_attribute 30, 2
  11              		.eabi_attribute 18, 4
  12              		.thumb
  13              		.file	"misc.c"
  14              		.text
  15              		.align	2
  16              		.global	NVIC_PriorityGroupConfig
  17              		.thumb
  18              		.thumb_func
  20              	NVIC_PriorityGroupConfig:
  21              		@ args = 0, pretend = 0, frame = 0
  22              		@ frame_needed = 0, uses_anonymous_args = 0
  23              		@ link register save eliminated.
  24 0000 4FF46D43 		mov	r3, #60672
  25 0004 40F0BF60 		orr	r0, r0, #100139008
  26 0008 CEF20003 		movt	r3, 57344
  27 000c 40F40030 		orr	r0, r0, #131072
  28 0010 D860     		str	r0, [r3, #12]
  29 0012 7047     		bx	lr
  31              		.align	2
  32              		.global	NVIC_Init
  33              		.thumb
  34              		.thumb_func
  36              	NVIC_Init:
  37              		@ args = 0, pretend = 0, frame = 0
  38              		@ frame_needed = 0, uses_anonymous_args = 0
  39              		@ link register save eliminated.
  40 0014 C378     		ldrb	r3, [r0, #3]	@ zero_extendqisi2
  41 0016 30B4     		push	{r4, r5}
  42 0018 7BB9     		cbnz	r3, .L6
  43 001a 0278     		ldrb	r2, [r0, #0]	@ zero_extendqisi2
  44 001c 4FF46143 		mov	r3, #57600
  45 0020 5109     		lsrs	r1, r2, #5
  46 0022 CEF20003 		movt	r3, 57344
  47 0026 02F01F02 		and	r2, r2, #31
  48 002a 2031     		adds	r1, r1, #32
  49 002c 0120     		movs	r0, #1
  50 002e 10FA02F2 		lsls	r2, r0, r2
  51 0032 43F82120 		str	r2, [r3, r1, lsl #2]
  52              	.L2:
  53 0036 30BC     		pop	{r4, r5}
  54 0038 7047     		bx	lr
  55              	.L6:
  56 003a 4FF46D43 		mov	r3, #60672
  57 003e CEF20003 		movt	r3, 57344
  58 0042 4578     		ldrb	r5, [r0, #1]	@ zero_extendqisi2
  59 0044 DA68     		ldr	r2, [r3, #12]
  60 0046 8478     		ldrb	r4, [r0, #2]	@ zero_extendqisi2
  61 0048 0378     		ldrb	r3, [r0, #0]	@ zero_extendqisi2
  62 004a D243     		mvns	r2, r2
  63 004c C2F30222 		ubfx	r2, r2, #8, #3
  64 0050 C2F10401 		rsb	r1, r2, #4
  65 0054 C9B2     		uxtb	r1, r1
  66 0056 15FA01F1 		lsls	r1, r5, r1
  67 005a 0F25     		movs	r5, #15
  68 005c 55FA02F2 		asrs	r2, r5, r2
  69 0060 C9B2     		uxtb	r1, r1
  70 0062 2240     		ands	r2, r2, r4
  71 0064 0A43     		orrs	r2, r2, r1
  72 0066 03F16043 		add	r3, r3, #-536870912
  73 006a 03F56143 		add	r3, r3, #57600
  74 006e 1201     		lsls	r2, r2, #4
  75 0070 D2B2     		uxtb	r2, r2
  76 0072 83F80023 		strb	r2, [r3, #768]
  77 0076 0278     		ldrb	r2, [r0, #0]	@ zero_extendqisi2
  78 0078 4FF46143 		mov	r3, #57600
  79 007c 5109     		lsrs	r1, r2, #5
  80 007e CEF20003 		movt	r3, 57344
  81 0082 02F01F02 		and	r2, r2, #31
  82 0086 0120     		movs	r0, #1
  83 0088 10FA02F2 		lsls	r2, r0, r2
  84 008c 43F82120 		str	r2, [r3, r1, lsl #2]
  85 0090 D1E7     		b	.L2
  87 0092 00BF     		.align	2
  88              		.global	NVIC_SetVectorTable
  89              		.thumb
  90              		.thumb_func
  92              	NVIC_SetVectorTable:
  93              		@ args = 0, pretend = 0, frame = 0
  94              		@ frame_needed = 0, uses_anonymous_args = 0
  95              		@ link register save eliminated.
  96 0094 21F06041 		bic	r1, r1, #-536870912
  97 0098 4FF46D43 		mov	r3, #60672
  98 009c 21F07F01 		bic	r1, r1, #127
  99 00a0 CEF20003 		movt	r3, 57344
 100 00a4 0143     		orrs	r1, r1, r0
 101 00a6 9960     		str	r1, [r3, #8]
 102 00a8 7047     		bx	lr
 104 00aa 00BF     		.align	2
 105              		.global	NVIC_SystemLPConfig
 106              		.thumb
 107              		.thumb_func
 109              	NVIC_SystemLPConfig:
 110              		@ args = 0, pretend = 0, frame = 0
 111              		@ frame_needed = 0, uses_anonymous_args = 0
 112              		@ link register save eliminated.
 113 00ac 4FF46D43 		mov	r3, #60672
 114 00b0 CEF20003 		movt	r3, 57344
 115 00b4 1A69     		ldr	r2, [r3, #16]
 116 00b6 19B9     		cbnz	r1, .L11
 117 00b8 22EA0000 		bic	r0, r2, r0
 118 00bc 1861     		str	r0, [r3, #16]
 119 00be 7047     		bx	lr
 120              	.L11:
 121 00c0 1043     		orrs	r0, r0, r2
 122 00c2 1861     		str	r0, [r3, #16]
 123 00c4 7047     		bx	lr
 125 00c6 00BF     		.align	2
 126              		.global	SysTick_CLKSourceConfig
 127              		.thumb
 128              		.thumb_func
 130              	SysTick_CLKSourceConfig:
 131              		@ args = 0, pretend = 0, frame = 0
 132              		@ frame_needed = 0, uses_anonymous_args = 0
 133              		@ link register save eliminated.
 134 00c8 4EF21003 		movw	r3, #57360
 135 00cc CEF20003 		movt	r3, 57344
 136 00d0 0428     		cmp	r0, #4
 137 00d2 1A68     		ldr	r2, [r3, #0]
 138 00d4 0CBF     		ite	eq
 139 00d6 42F00402 		orreq	r2, r2, #4
 140 00da 22F00402 		bicne	r2, r2, #4
 141 00de 1A60     		str	r2, [r3, #0]
 142 00e0 7047     		bx	lr
 144 00e2 00BF     		.ident	"GCC: (Linaro GCC 4.6-2011.10) 4.6.2 20111004 (prerelease)"
DEFINED SYMBOLS
                            *ABS*:0000000000000000 misc.c
     /tmp/ccO2TmHp.s:15     .text:0000000000000000 $t
     /tmp/ccO2TmHp.s:20     .text:0000000000000000 NVIC_PriorityGroupConfig
     /tmp/ccO2TmHp.s:36     .text:0000000000000014 NVIC_Init
     /tmp/ccO2TmHp.s:92     .text:0000000000000094 NVIC_SetVectorTable
     /tmp/ccO2TmHp.s:109    .text:00000000000000ac NVIC_SystemLPConfig
     /tmp/ccO2TmHp.s:130    .text:00000000000000c8 SysTick_CLKSourceConfig

NO UNDEFINED SYMBOLS
