   1              		.syntax unified
   2              		.cpu cortex-m4
   3              		.fpu softvfp
   4              		.eabi_attribute 20, 1
   5              		.eabi_attribute 21, 1
   6              		.eabi_attribute 23, 3
   7              		.eabi_attribute 24, 1
   8              		.eabi_attribute 25, 1
   9              		.eabi_attribute 26, 1
  10              		.eabi_attribute 30, 2
  11              		.eabi_attribute 18, 4
  12              		.thumb
  13              		.file	"stm32f4xx_cryp.c"
  14              		.text
  15              		.align	2
  16              		.global	CRYP_DeInit
  17              		.thumb
  18              		.thumb_func
  20              	CRYP_DeInit:
  21              		@ args = 0, pretend = 0, frame = 0
  22              		@ frame_needed = 0, uses_anonymous_args = 0
  23 0000 08B5     		push	{r3, lr}
  24 0002 1020     		movs	r0, #16
  25 0004 0121     		movs	r1, #1
  26 0006 FFF7FEFF 		bl	RCC_AHB2PeriphResetCmd
  27 000a 1020     		movs	r0, #16
  28 000c 0021     		movs	r1, #0
  29 000e BDE80840 		pop	{r3, lr}
  30 0012 FFF7FEBF 		b	RCC_AHB2PeriphResetCmd
  32 0016 00BF     		.align	2
  33              		.global	CRYP_Init
  34              		.thumb
  35              		.thumb_func
  37              	CRYP_Init:
  38              		@ args = 0, pretend = 0, frame = 0
  39              		@ frame_needed = 0, uses_anonymous_args = 0
  40              		@ link register save eliminated.
  41 0018 0023     		movs	r3, #0
  42 001a C5F20603 		movt	r3, 20486
  43 001e 4288     		ldrh	r2, [r0, #2]
  44 0020 1968     		ldr	r1, [r3, #0]
  45 0022 21F03801 		bic	r1, r1, #56
  46 0026 10B4     		push	{r4}
  47 0028 8488     		ldrh	r4, [r0, #4]
  48 002a 1960     		str	r1, [r3, #0]
  49 002c 1968     		ldr	r1, [r3, #0]
  50 002e 1143     		orrs	r1, r1, r2
  51 0030 1960     		str	r1, [r3, #0]
  52 0032 1968     		ldr	r1, [r3, #0]
  53 0034 21F0C001 		bic	r1, r1, #192
  54 0038 1960     		str	r1, [r3, #0]
  55 003a 1968     		ldr	r1, [r3, #0]
  56 003c 202A     		cmp	r2, #32
  57 003e 18BF     		it	ne
  58 0040 282A     		cmpne	r2, #40
  59 0042 44EA0101 		orr	r1, r4, r1
  60 0046 1960     		str	r1, [r3, #0]
  61 0048 03D0     		beq	.L3
  62 004a 302A     		cmp	r2, #48
  63 004c 01D0     		beq	.L3
  64 004e 382A     		cmp	r2, #56
  65 0050 0AD1     		bne	.L4
  66              	.L3:
  67 0052 0023     		movs	r3, #0
  68 0054 C5F20603 		movt	r3, 20486
  69 0058 C188     		ldrh	r1, [r0, #6]
  70 005a 1A68     		ldr	r2, [r3, #0]
  71 005c 22F44072 		bic	r2, r2, #768
  72 0060 1A60     		str	r2, [r3, #0]
  73 0062 1A68     		ldr	r2, [r3, #0]
  74 0064 0A43     		orrs	r2, r2, r1
  75 0066 1A60     		str	r2, [r3, #0]
  76              	.L4:
  77 0068 0023     		movs	r3, #0
  78 006a C5F20603 		movt	r3, 20486
  79 006e 0188     		ldrh	r1, [r0, #0]
  80 0070 1A68     		ldr	r2, [r3, #0]
  81 0072 22F00402 		bic	r2, r2, #4
  82 0076 1A60     		str	r2, [r3, #0]
  83 0078 1A68     		ldr	r2, [r3, #0]
  84 007a 0A43     		orrs	r2, r2, r1
  85 007c 1A60     		str	r2, [r3, #0]
  86 007e 10BC     		pop	{r4}
  87 0080 7047     		bx	lr
  89 0082 00BF     		.align	2
  90              		.global	CRYP_StructInit
  91              		.thumb
  92              		.thumb_func
  94              	CRYP_StructInit:
  95              		@ args = 0, pretend = 0, frame = 0
  96              		@ frame_needed = 0, uses_anonymous_args = 0
  97              		@ link register save eliminated.
  98 0084 0023     		movs	r3, #0
  99 0086 0380     		strh	r3, [r0, #0]	@ movhi
 100 0088 4380     		strh	r3, [r0, #2]	@ movhi
 101 008a 8380     		strh	r3, [r0, #4]	@ movhi
 102 008c C380     		strh	r3, [r0, #6]	@ movhi
 103 008e 7047     		bx	lr
 105              		.align	2
 106              		.global	CRYP_KeyInit
 107              		.thumb
 108              		.thumb_func
 110              	CRYP_KeyInit:
 111              		@ args = 0, pretend = 0, frame = 0
 112              		@ frame_needed = 0, uses_anonymous_args = 0
 113              		@ link register save eliminated.
 114 0090 0023     		movs	r3, #0
 115 0092 0268     		ldr	r2, [r0, #0]
 116 0094 C5F20603 		movt	r3, 20486
 117 0098 1A62     		str	r2, [r3, #32]
 118 009a 4268     		ldr	r2, [r0, #4]
 119 009c 5A62     		str	r2, [r3, #36]
 120 009e 8268     		ldr	r2, [r0, #8]
 121 00a0 9A62     		str	r2, [r3, #40]
 122 00a2 C268     		ldr	r2, [r0, #12]
 123 00a4 DA62     		str	r2, [r3, #44]
 124 00a6 0269     		ldr	r2, [r0, #16]
 125 00a8 1A63     		str	r2, [r3, #48]
 126 00aa 4269     		ldr	r2, [r0, #20]
 127 00ac 5A63     		str	r2, [r3, #52]
 128 00ae 8269     		ldr	r2, [r0, #24]
 129 00b0 9A63     		str	r2, [r3, #56]
 130 00b2 C269     		ldr	r2, [r0, #28]
 131 00b4 DA63     		str	r2, [r3, #60]
 132 00b6 7047     		bx	lr
 134              		.align	2
 135              		.global	CRYP_KeyStructInit
 136              		.thumb
 137              		.thumb_func
 139              	CRYP_KeyStructInit:
 140              		@ args = 0, pretend = 0, frame = 0
 141              		@ frame_needed = 0, uses_anonymous_args = 0
 142              		@ link register save eliminated.
 143 00b8 0023     		movs	r3, #0
 144 00ba 0360     		str	r3, [r0, #0]
 145 00bc 4360     		str	r3, [r0, #4]
 146 00be 8360     		str	r3, [r0, #8]
 147 00c0 C360     		str	r3, [r0, #12]
 148 00c2 0361     		str	r3, [r0, #16]
 149 00c4 4361     		str	r3, [r0, #20]
 150 00c6 8361     		str	r3, [r0, #24]
 151 00c8 C361     		str	r3, [r0, #28]
 152 00ca 7047     		bx	lr
 154              		.align	2
 155              		.global	CRYP_IVInit
 156              		.thumb
 157              		.thumb_func
 159              	CRYP_IVInit:
 160              		@ args = 0, pretend = 0, frame = 0
 161              		@ frame_needed = 0, uses_anonymous_args = 0
 162              		@ link register save eliminated.
 163 00cc 0023     		movs	r3, #0
 164 00ce 0268     		ldr	r2, [r0, #0]
 165 00d0 C5F20603 		movt	r3, 20486
 166 00d4 1A64     		str	r2, [r3, #64]
 167 00d6 4268     		ldr	r2, [r0, #4]
 168 00d8 5A64     		str	r2, [r3, #68]
 169 00da 8268     		ldr	r2, [r0, #8]
 170 00dc 9A64     		str	r2, [r3, #72]
 171 00de C268     		ldr	r2, [r0, #12]
 172 00e0 DA64     		str	r2, [r3, #76]
 173 00e2 7047     		bx	lr
 175              		.align	2
 176              		.global	CRYP_IVStructInit
 177              		.thumb
 178              		.thumb_func
 180              	CRYP_IVStructInit:
 181              		@ args = 0, pretend = 0, frame = 0
 182              		@ frame_needed = 0, uses_anonymous_args = 0
 183              		@ link register save eliminated.
 184 00e4 0023     		movs	r3, #0
 185 00e6 0360     		str	r3, [r0, #0]
 186 00e8 4360     		str	r3, [r0, #4]
 187 00ea 8360     		str	r3, [r0, #8]
 188 00ec C360     		str	r3, [r0, #12]
 189 00ee 7047     		bx	lr
 191              		.align	2
 192              		.global	CRYP_FIFOFlush
 193              		.thumb
 194              		.thumb_func
 196              	CRYP_FIFOFlush:
 197              		@ args = 0, pretend = 0, frame = 0
 198              		@ frame_needed = 0, uses_anonymous_args = 0
 199              		@ link register save eliminated.
 200 00f0 0023     		movs	r3, #0
 201 00f2 C5F20603 		movt	r3, 20486
 202 00f6 1A68     		ldr	r2, [r3, #0]
 203 00f8 42F48042 		orr	r2, r2, #16384
 204 00fc 1A60     		str	r2, [r3, #0]
 205 00fe 7047     		bx	lr
 207              		.align	2
 208              		.global	CRYP_Cmd
 209              		.thumb
 210              		.thumb_func
 212              	CRYP_Cmd:
 213              		@ args = 0, pretend = 0, frame = 0
 214              		@ frame_needed = 0, uses_anonymous_args = 0
 215              		@ link register save eliminated.
 216 0100 0023     		movs	r3, #0
 217 0102 C5F20603 		movt	r3, 20486
 218 0106 1A68     		ldr	r2, [r3, #0]
 219 0108 18B9     		cbnz	r0, .L15
 220 010a 22F40042 		bic	r2, r2, #32768
 221 010e 1A60     		str	r2, [r3, #0]
 222 0110 7047     		bx	lr
 223              	.L15:
 224 0112 42F40042 		orr	r2, r2, #32768
 225 0116 1A60     		str	r2, [r3, #0]
 226 0118 7047     		bx	lr
 228 011a 00BF     		.align	2
 229              		.global	CRYP_DataIn
 230              		.thumb
 231              		.thumb_func
 233              	CRYP_DataIn:
 234              		@ args = 0, pretend = 0, frame = 0
 235              		@ frame_needed = 0, uses_anonymous_args = 0
 236              		@ link register save eliminated.
 237 011c 0023     		movs	r3, #0
 238 011e C5F20603 		movt	r3, 20486
 239 0122 9860     		str	r0, [r3, #8]
 240 0124 7047     		bx	lr
 242 0126 00BF     		.align	2
 243              		.global	CRYP_DataOut
 244              		.thumb
 245              		.thumb_func
 247              	CRYP_DataOut:
 248              		@ args = 0, pretend = 0, frame = 0
 249              		@ frame_needed = 0, uses_anonymous_args = 0
 250              		@ link register save eliminated.
 251 0128 0023     		movs	r3, #0
 252 012a C5F20603 		movt	r3, 20486
 253 012e D868     		ldr	r0, [r3, #12]
 254 0130 7047     		bx	lr
 256 0132 00BF     		.align	2
 257              		.global	CRYP_SaveContext
 258              		.thumb
 259              		.thumb_func
 261              	CRYP_SaveContext:
 262              		@ args = 0, pretend = 0, frame = 8
 263              		@ frame_needed = 0, uses_anonymous_args = 0
 264              		@ link register save eliminated.
 265 0134 2DE9F007 		push	{r4, r5, r6, r7, r8, r9, sl}
 266 0138 0023     		movs	r3, #0
 267 013a 83B0     		sub	sp, sp, #12
 268 013c C5F20603 		movt	r3, 20486
 269 0140 0022     		movs	r2, #0
 270 0142 0192     		str	r2, [sp, #4]
 271 0144 1A69     		ldr	r2, [r3, #16]
 272 0146 22F00102 		bic	r2, r2, #1
 273 014a 1A61     		str	r2, [r3, #16]
 274 014c 1A68     		ldr	r2, [r3, #0]
 275 014e 12F0080F 		tst	r2, #8
 276 0152 0CBF     		ite	eq
 277 0154 1525     		moveq	r5, #21
 278 0156 1125     		movne	r5, #17
 279 0158 4FF6FF76 		movw	r6, #65535
 280              	.L21:
 281 015c 5C68     		ldr	r4, [r3, #4]
 282 015e 019A     		ldr	r2, [sp, #4]
 283 0160 0132     		adds	r2, r2, #1
 284 0162 0192     		str	r2, [sp, #4]
 285 0164 019A     		ldr	r2, [sp, #4]
 286 0166 B242     		cmp	r2, r6
 287 0168 05EA0404 		and	r4, r5, r4
 288 016c 01D0     		beq	.L20
 289 016e 012C     		cmp	r4, #1
 290 0170 F4D1     		bne	.L21
 291              	.L20:
 292 0172 0023     		movs	r3, #0
 293 0174 C5F20603 		movt	r3, 20486
 294 0178 5A68     		ldr	r2, [r3, #4]
 295 017a 1540     		ands	r5, r5, r2
 296 017c 012D     		cmp	r5, #1
 297 017e 04D0     		beq	.L26
 298 0180 0020     		movs	r0, #0
 299              	.L22:
 300 0182 03B0     		add	sp, sp, #12
 301 0184 BDE8F007 		pop	{r4, r5, r6, r7, r8, r9, sl}
 302 0188 7047     		bx	lr
 303              	.L26:
 304 018a 1A69     		ldr	r2, [r3, #16]
 305 018c 22F00202 		bic	r2, r2, #2
 306 0190 1A61     		str	r2, [r3, #16]
 307 0192 1A68     		ldr	r2, [r3, #0]
 308 0194 22F40042 		bic	r2, r2, #32768
 309 0198 1A60     		str	r2, [r3, #0]
 310 019a D3F800A0 		ldr	sl, [r3, #0]
 311 019e D1F80090 		ldr	r9, [r1, #0]
 312 01a2 D1F80480 		ldr	r8, [r1, #4]
 313 01a6 D1F808C0 		ldr	ip, [r1, #8]
 314 01aa CF68     		ldr	r7, [r1, #12]
 315 01ac 0E69     		ldr	r6, [r1, #16]
 316 01ae 4C69     		ldr	r4, [r1, #20]
 317 01b0 8A69     		ldr	r2, [r1, #24]
 318 01b2 C969     		ldr	r1, [r1, #28]
 319 01b4 0AF47F7A 		and	sl, sl, #1020
 320 01b8 C0F800A0 		str	sl, [r0, #0]
 321 01bc D3F840A0 		ldr	sl, [r3, #64]
 322 01c0 C0F804A0 		str	sl, [r0, #4]
 323 01c4 D3F844A0 		ldr	sl, [r3, #68]
 324 01c8 C0F808A0 		str	sl, [r0, #8]
 325 01cc D3F848A0 		ldr	sl, [r3, #72]
 326 01d0 C0F80CA0 		str	sl, [r0, #12]
 327 01d4 DB6C     		ldr	r3, [r3, #76]
 328 01d6 C0F81490 		str	r9, [r0, #20]
 329 01da 0361     		str	r3, [r0, #16]
 330 01dc C0F81880 		str	r8, [r0, #24]
 331 01e0 C0F81CC0 		str	ip, [r0, #28]
 332 01e4 0762     		str	r7, [r0, #32]
 333 01e6 4662     		str	r6, [r0, #36]
 334 01e8 8462     		str	r4, [r0, #40]
 335 01ea C262     		str	r2, [r0, #44]
 336 01ec 0163     		str	r1, [r0, #48]
 337 01ee 2846     		mov	r0, r5
 338 01f0 C7E7     		b	.L22
 340 01f2 00BF     		.align	2
 341              		.global	CRYP_RestoreContext
 342              		.thumb
 343              		.thumb_func
 345              	CRYP_RestoreContext:
 346              		@ args = 0, pretend = 0, frame = 0
 347              		@ frame_needed = 0, uses_anonymous_args = 0
 348              		@ link register save eliminated.
 349 01f4 0023     		movs	r3, #0
 350 01f6 C5F20603 		movt	r3, 20486
 351 01fa 0268     		ldr	r2, [r0, #0]
 352 01fc 1A60     		str	r2, [r3, #0]
 353 01fe 4269     		ldr	r2, [r0, #20]
 354 0200 1A62     		str	r2, [r3, #32]
 355 0202 8269     		ldr	r2, [r0, #24]
 356 0204 5A62     		str	r2, [r3, #36]
 357 0206 C269     		ldr	r2, [r0, #28]
 358 0208 9A62     		str	r2, [r3, #40]
 359 020a 026A     		ldr	r2, [r0, #32]
 360 020c DA62     		str	r2, [r3, #44]
 361 020e 426A     		ldr	r2, [r0, #36]
 362 0210 1A63     		str	r2, [r3, #48]
 363 0212 826A     		ldr	r2, [r0, #40]
 364 0214 5A63     		str	r2, [r3, #52]
 365 0216 C26A     		ldr	r2, [r0, #44]
 366 0218 9A63     		str	r2, [r3, #56]
 367 021a 026B     		ldr	r2, [r0, #48]
 368 021c DA63     		str	r2, [r3, #60]
 369 021e 4268     		ldr	r2, [r0, #4]
 370 0220 1A64     		str	r2, [r3, #64]
 371 0222 8268     		ldr	r2, [r0, #8]
 372 0224 5A64     		str	r2, [r3, #68]
 373 0226 C268     		ldr	r2, [r0, #12]
 374 0228 9A64     		str	r2, [r3, #72]
 375 022a 0269     		ldr	r2, [r0, #16]
 376 022c DA64     		str	r2, [r3, #76]
 377 022e 1A68     		ldr	r2, [r3, #0]
 378 0230 42F40042 		orr	r2, r2, #32768
 379 0234 1A60     		str	r2, [r3, #0]
 380 0236 7047     		bx	lr
 382              		.align	2
 383              		.global	CRYP_DMACmd
 384              		.thumb
 385              		.thumb_func
 387              	CRYP_DMACmd:
 388              		@ args = 0, pretend = 0, frame = 0
 389              		@ frame_needed = 0, uses_anonymous_args = 0
 390              		@ link register save eliminated.
 391 0238 0023     		movs	r3, #0
 392 023a C5F20603 		movt	r3, 20486
 393 023e 1A69     		ldr	r2, [r3, #16]
 394 0240 29B9     		cbnz	r1, .L31
 395 0242 22EA0000 		bic	r0, r2, r0
 396 0246 00F0FF00 		and	r0, r0, #255
 397 024a 1861     		str	r0, [r3, #16]
 398 024c 7047     		bx	lr
 399              	.L31:
 400 024e 1043     		orrs	r0, r0, r2
 401 0250 1861     		str	r0, [r3, #16]
 402 0252 7047     		bx	lr
 404              		.align	2
 405              		.global	CRYP_ITConfig
 406              		.thumb
 407              		.thumb_func
 409              	CRYP_ITConfig:
 410              		@ args = 0, pretend = 0, frame = 0
 411              		@ frame_needed = 0, uses_anonymous_args = 0
 412              		@ link register save eliminated.
 413 0254 0023     		movs	r3, #0
 414 0256 C5F20603 		movt	r3, 20486
 415 025a 5A69     		ldr	r2, [r3, #20]
 416 025c 29B9     		cbnz	r1, .L35
 417 025e 22EA0000 		bic	r0, r2, r0
 418 0262 00F0FF00 		and	r0, r0, #255
 419 0266 5861     		str	r0, [r3, #20]
 420 0268 7047     		bx	lr
 421              	.L35:
 422 026a 1043     		orrs	r0, r0, r2
 423 026c 5861     		str	r0, [r3, #20]
 424 026e 7047     		bx	lr
 426              		.align	2
 427              		.global	CRYP_GetITStatus
 428              		.thumb
 429              		.thumb_func
 431              	CRYP_GetITStatus:
 432              		@ args = 0, pretend = 0, frame = 0
 433              		@ frame_needed = 0, uses_anonymous_args = 0
 434              		@ link register save eliminated.
 435 0270 0023     		movs	r3, #0
 436 0272 C5F20603 		movt	r3, 20486
 437 0276 DB69     		ldr	r3, [r3, #28]
 438 0278 1842     		tst	r0, r3
 439 027a 0CBF     		ite	eq
 440 027c 0020     		moveq	r0, #0
 441 027e 0120     		movne	r0, #1
 442 0280 7047     		bx	lr
 444 0282 00BF     		.align	2
 445              		.global	CRYP_GetFlagStatus
 446              		.thumb
 447              		.thumb_func
 449              	CRYP_GetFlagStatus:
 450              		@ args = 0, pretend = 0, frame = 0
 451              		@ frame_needed = 0, uses_anonymous_args = 0
 452              		@ link register save eliminated.
 453 0284 0023     		movs	r3, #0
 454 0286 C5F20603 		movt	r3, 20486
 455 028a 8206     		lsls	r2, r0, #26
 456 028c 4CBF     		ite	mi
 457 028e 9B69     		ldrmi	r3, [r3, #24]
 458 0290 5B68     		ldrpl	r3, [r3, #4]
 459 0292 0342     		tst	r3, r0
 460 0294 0CBF     		ite	eq
 461 0296 0020     		moveq	r0, #0
 462 0298 0120     		movne	r0, #1
 463 029a 7047     		bx	lr
 465              		.ident	"GCC: (Linaro GCC 4.6-2011.10) 4.6.2 20111004 (prerelease)"
DEFINED SYMBOLS
                            *ABS*:0000000000000000 stm32f4xx_cryp.c
     /tmp/ccrAg3bV.s:15     .text:0000000000000000 $t
     /tmp/ccrAg3bV.s:20     .text:0000000000000000 CRYP_DeInit
     /tmp/ccrAg3bV.s:37     .text:0000000000000018 CRYP_Init
     /tmp/ccrAg3bV.s:94     .text:0000000000000084 CRYP_StructInit
     /tmp/ccrAg3bV.s:110    .text:0000000000000090 CRYP_KeyInit
     /tmp/ccrAg3bV.s:139    .text:00000000000000b8 CRYP_KeyStructInit
     /tmp/ccrAg3bV.s:159    .text:00000000000000cc CRYP_IVInit
     /tmp/ccrAg3bV.s:180    .text:00000000000000e4 CRYP_IVStructInit
     /tmp/ccrAg3bV.s:196    .text:00000000000000f0 CRYP_FIFOFlush
     /tmp/ccrAg3bV.s:212    .text:0000000000000100 CRYP_Cmd
     /tmp/ccrAg3bV.s:233    .text:000000000000011c CRYP_DataIn
     /tmp/ccrAg3bV.s:247    .text:0000000000000128 CRYP_DataOut
     /tmp/ccrAg3bV.s:261    .text:0000000000000134 CRYP_SaveContext
     /tmp/ccrAg3bV.s:345    .text:00000000000001f4 CRYP_RestoreContext
     /tmp/ccrAg3bV.s:387    .text:0000000000000238 CRYP_DMACmd
     /tmp/ccrAg3bV.s:409    .text:0000000000000254 CRYP_ITConfig
     /tmp/ccrAg3bV.s:431    .text:0000000000000270 CRYP_GetITStatus
     /tmp/ccrAg3bV.s:449    .text:0000000000000284 CRYP_GetFlagStatus

UNDEFINED SYMBOLS
RCC_AHB2PeriphResetCmd
