   1              		.syntax unified
   2              		.cpu cortex-m4
   3              		.fpu softvfp
   4              		.eabi_attribute 20, 1
   5              		.eabi_attribute 21, 1
   6              		.eabi_attribute 23, 3
   7              		.eabi_attribute 24, 1
   8              		.eabi_attribute 25, 1
   9              		.eabi_attribute 26, 1
  10              		.eabi_attribute 30, 2
  11              		.eabi_attribute 18, 4
  12              		.thumb
  13              		.file	"stm32f4xx_usart.c"
  14              		.text
  15              		.align	2
  16              		.global	USART_DeInit
  17              		.thumb
  18              		.thumb_func
  20              	USART_DeInit:
  21              		@ args = 0, pretend = 0, frame = 0
  22              		@ frame_needed = 0, uses_anonymous_args = 0
  23 0000 08B5     		push	{r3, lr}
  24 0002 4FF48053 		mov	r3, #4096
  25 0006 C4F20103 		movt	r3, 16385
  26 000a 9842     		cmp	r0, r3
  27 000c 28D0     		beq	.L9
  28 000e 4FF48843 		mov	r3, #17408
  29 0012 C4F20003 		movt	r3, 16384
  30 0016 9842     		cmp	r0, r3
  31 0018 2CD0     		beq	.L10
  32 001a 4FF49043 		mov	r3, #18432
  33 001e C4F20003 		movt	r3, 16384
  34 0022 9842     		cmp	r0, r3
  35 0024 32D0     		beq	.L11
  36 0026 4FF49843 		mov	r3, #19456
  37 002a C4F20003 		movt	r3, 16384
  38 002e 9842     		cmp	r0, r3
  39 0030 38D0     		beq	.L12
  40 0032 4FF4A043 		mov	r3, #20480
  41 0036 C4F20003 		movt	r3, 16384
  42 003a 9842     		cmp	r0, r3
  43 003c 3ED0     		beq	.L13
  44 003e 4FF4A053 		mov	r3, #5120
  45 0042 C4F20103 		movt	r3, 16385
  46 0046 9842     		cmp	r0, r3
  47 0048 00D0     		beq	.L14
  48 004a 08BD     		pop	{r3, pc}
  49              	.L14:
  50 004c 2020     		movs	r0, #32
  51 004e 0121     		movs	r1, #1
  52 0050 FFF7FEFF 		bl	RCC_APB2PeriphResetCmd
  53 0054 2020     		movs	r0, #32
  54 0056 0021     		movs	r1, #0
  55 0058 BDE80840 		pop	{r3, lr}
  56 005c FFF7FEBF 		b	RCC_APB2PeriphResetCmd
  57              	.L9:
  58 0060 1020     		movs	r0, #16
  59 0062 0121     		movs	r1, #1
  60 0064 FFF7FEFF 		bl	RCC_APB2PeriphResetCmd
  61 0068 1020     		movs	r0, #16
  62 006a 0021     		movs	r1, #0
  63 006c BDE80840 		pop	{r3, lr}
  64 0070 FFF7FEBF 		b	RCC_APB2PeriphResetCmd
  65              	.L10:
  66 0074 0121     		movs	r1, #1
  67 0076 4FF40030 		mov	r0, #131072
  68 007a FFF7FEFF 		bl	RCC_APB1PeriphResetCmd
  69 007e 4FF40030 		mov	r0, #131072
  70 0082 0021     		movs	r1, #0
  71 0084 BDE80840 		pop	{r3, lr}
  72 0088 FFF7FEBF 		b	RCC_APB1PeriphResetCmd
  73              	.L11:
  74 008c 0121     		movs	r1, #1
  75 008e 4FF48020 		mov	r0, #262144
  76 0092 FFF7FEFF 		bl	RCC_APB1PeriphResetCmd
  77 0096 4FF48020 		mov	r0, #262144
  78 009a 0021     		movs	r1, #0
  79 009c BDE80840 		pop	{r3, lr}
  80 00a0 FFF7FEBF 		b	RCC_APB1PeriphResetCmd
  81              	.L12:
  82 00a4 0121     		movs	r1, #1
  83 00a6 4FF40020 		mov	r0, #524288
  84 00aa FFF7FEFF 		bl	RCC_APB1PeriphResetCmd
  85 00ae 4FF40020 		mov	r0, #524288
  86 00b2 0021     		movs	r1, #0
  87 00b4 BDE80840 		pop	{r3, lr}
  88 00b8 FFF7FEBF 		b	RCC_APB1PeriphResetCmd
  89              	.L13:
  90 00bc 0121     		movs	r1, #1
  91 00be 4FF48010 		mov	r0, #1048576
  92 00c2 FFF7FEFF 		bl	RCC_APB1PeriphResetCmd
  93 00c6 4FF48010 		mov	r0, #1048576
  94 00ca 0021     		movs	r1, #0
  95 00cc BDE80840 		pop	{r3, lr}
  96 00d0 FFF7FEBF 		b	RCC_APB1PeriphResetCmd
  98              		.align	2
  99              		.global	USART_Init
 100              		.thumb
 101              		.thumb_func
 103              	USART_Init:
 104              		@ args = 0, pretend = 0, frame = 16
 105              		@ frame_needed = 0, uses_anonymous_args = 0
 106 00d4 028A     		ldrh	r2, [r0, #16]
 107 00d6 CB88     		ldrh	r3, [r1, #6]
 108 00d8 22F44052 		bic	r2, r2, #12288
 109 00dc 1204     		lsls	r2, r2, #16
 110 00de F0B5     		push	{r4, r5, r6, r7, lr}
 111 00e0 120C     		lsrs	r2, r2, #16
 112 00e2 0446     		mov	r4, r0
 113 00e4 1A43     		orrs	r2, r2, r3
 114 00e6 4889     		ldrh	r0, [r1, #10]
 115 00e8 0F89     		ldrh	r7, [r1, #8]
 116 00ea 8E88     		ldrh	r6, [r1, #4]
 117 00ec 0D46     		mov	r5, r1
 118 00ee 8989     		ldrh	r1, [r1, #12]
 119 00f0 2282     		strh	r2, [r4, #16]	@ movhi
 120 00f2 A389     		ldrh	r3, [r4, #12]
 121 00f4 23F4B053 		bic	r3, r3, #5632
 122 00f8 23F00C03 		bic	r3, r3, #12
 123 00fc 47EA0602 		orr	r2, r7, r6
 124 0100 1B04     		lsls	r3, r3, #16
 125 0102 0243     		orrs	r2, r2, r0
 126 0104 92B2     		uxth	r2, r2
 127 0106 1B0C     		lsrs	r3, r3, #16
 128 0108 1343     		orrs	r3, r3, r2
 129 010a A381     		strh	r3, [r4, #12]	@ movhi
 130 010c A38A     		ldrh	r3, [r4, #20]
 131 010e 23F44073 		bic	r3, r3, #768
 132 0112 1B04     		lsls	r3, r3, #16
 133 0114 1B0C     		lsrs	r3, r3, #16
 134 0116 85B0     		sub	sp, sp, #20
 135 0118 0B43     		orrs	r3, r3, r1
 136 011a A382     		strh	r3, [r4, #20]	@ movhi
 137 011c 6846     		mov	r0, sp
 138 011e FFF7FEFF 		bl	RCC_GetClocksFreq
 139 0122 4FF4A052 		mov	r2, #5120
 140 0126 4FF48053 		mov	r3, #4096
 141 012a C4F20103 		movt	r3, 16385
 142 012e C4F20102 		movt	r2, 16385
 143 0132 9C42     		cmp	r4, r3
 144 0134 18BF     		it	ne
 145 0136 9442     		cmpne	r4, r2
 146 0138 A289     		ldrh	r2, [r4, #12]
 147 013a 0CBF     		ite	eq
 148 013c 039B     		ldreq	r3, [sp, #12]
 149 013e 029B     		ldrne	r3, [sp, #8]
 150 0140 12B2     		sxth	r2, r2
 151 0142 002A     		cmp	r2, #0
 152 0144 21DB     		blt	.L22
 153 0146 2868     		ldr	r0, [r5, #0]
 154 0148 03EB8303 		add	r3, r3, r3, lsl #2
 155 014c 03EB8303 		add	r3, r3, r3, lsl #2
 156 0150 8000     		lsls	r0, r0, #2
 157 0152 B3FBF0F1 		udiv	r1, r3, r0
 158              	.L19:
 159 0156 48F21F53 		movw	r3, #34079
 160 015a A089     		ldrh	r0, [r4, #12]
 161 015c C5F2EB13 		movt	r3, 20971
 162 0160 A3FB0152 		umull	r5, r2, r3, r1
 163 0164 5209     		lsrs	r2, r2, #5
 164 0166 00B2     		sxth	r0, r0
 165 0168 1601     		lsls	r6, r2, #4
 166 016a 6425     		movs	r5, #100
 167 016c 0028     		cmp	r0, #0
 168 016e 02FB1512 		mls	r2, r2, r5, r1
 169 0172 13DB     		blt	.L23
 170 0174 1201     		lsls	r2, r2, #4
 171 0176 3232     		adds	r2, r2, #50
 172 0178 A3FB0253 		umull	r5, r3, r3, r2
 173 017c C3F34313 		ubfx	r3, r3, #5, #4
 174 0180 3343     		orrs	r3, r3, r6
 175              	.L21:
 176 0182 9BB2     		uxth	r3, r3
 177 0184 2381     		strh	r3, [r4, #8]	@ movhi
 178 0186 05B0     		add	sp, sp, #20
 179 0188 F0BD     		pop	{r4, r5, r6, r7, pc}
 180              	.L22:
 181 018a 2A68     		ldr	r2, [r5, #0]
 182 018c 03EB8303 		add	r3, r3, r3, lsl #2
 183 0190 03EB8303 		add	r3, r3, r3, lsl #2
 184 0194 5200     		lsls	r2, r2, #1
 185 0196 B3FBF2F1 		udiv	r1, r3, r2
 186 019a DCE7     		b	.L19
 187              	.L23:
 188 019c D200     		lsls	r2, r2, #3
 189 019e 3232     		adds	r2, r2, #50
 190 01a0 A3FB0213 		umull	r1, r3, r3, r2
 191 01a4 C3F34213 		ubfx	r3, r3, #5, #3
 192 01a8 3343     		orrs	r3, r3, r6
 193 01aa EAE7     		b	.L21
 195              		.align	2
 196              		.global	USART_StructInit
 197              		.thumb
 198              		.thumb_func
 200              	USART_StructInit:
 201              		@ args = 0, pretend = 0, frame = 0
 202              		@ frame_needed = 0, uses_anonymous_args = 0
 203              		@ link register save eliminated.
 204 01ac 4FF41652 		mov	r2, #9600
 205 01b0 0023     		movs	r3, #0
 206 01b2 0260     		str	r2, [r0, #0]
 207 01b4 0C22     		movs	r2, #12
 208 01b6 8380     		strh	r3, [r0, #4]	@ movhi
 209 01b8 C380     		strh	r3, [r0, #6]	@ movhi
 210 01ba 0381     		strh	r3, [r0, #8]	@ movhi
 211 01bc 4281     		strh	r2, [r0, #10]	@ movhi
 212 01be 8381     		strh	r3, [r0, #12]	@ movhi
 213 01c0 7047     		bx	lr
 215 01c2 00BF     		.align	2
 216              		.global	USART_ClockInit
 217              		.thumb
 218              		.thumb_func
 220              	USART_ClockInit:
 221              		@ args = 0, pretend = 0, frame = 0
 222              		@ frame_needed = 0, uses_anonymous_args = 0
 223              		@ link register save eliminated.
 224 01c4 0A88     		ldrh	r2, [r1, #0]
 225 01c6 038A     		ldrh	r3, [r0, #16]
 226 01c8 30B4     		push	{r4, r5}
 227 01ca 4D88     		ldrh	r5, [r1, #2]
 228 01cc 8C88     		ldrh	r4, [r1, #4]
 229 01ce C988     		ldrh	r1, [r1, #6]
 230 01d0 2A43     		orrs	r2, r2, r5
 231 01d2 23F47063 		bic	r3, r3, #3840
 232 01d6 2243     		orrs	r2, r2, r4
 233 01d8 1B04     		lsls	r3, r3, #16
 234 01da 0A43     		orrs	r2, r2, r1
 235 01dc 1B0C     		lsrs	r3, r3, #16
 236 01de 92B2     		uxth	r2, r2
 237 01e0 1343     		orrs	r3, r3, r2
 238 01e2 0382     		strh	r3, [r0, #16]	@ movhi
 239 01e4 30BC     		pop	{r4, r5}
 240 01e6 7047     		bx	lr
 242              		.align	2
 243              		.global	USART_ClockStructInit
 244              		.thumb
 245              		.thumb_func
 247              	USART_ClockStructInit:
 248              		@ args = 0, pretend = 0, frame = 0
 249              		@ frame_needed = 0, uses_anonymous_args = 0
 250              		@ link register save eliminated.
 251 01e8 0023     		movs	r3, #0
 252 01ea 0380     		strh	r3, [r0, #0]	@ movhi
 253 01ec 4380     		strh	r3, [r0, #2]	@ movhi
 254 01ee 8380     		strh	r3, [r0, #4]	@ movhi
 255 01f0 C380     		strh	r3, [r0, #6]	@ movhi
 256 01f2 7047     		bx	lr
 258              		.align	2
 259              		.global	USART_Cmd
 260              		.thumb
 261              		.thumb_func
 263              	USART_Cmd:
 264              		@ args = 0, pretend = 0, frame = 0
 265              		@ frame_needed = 0, uses_anonymous_args = 0
 266              		@ link register save eliminated.
 267 01f4 8389     		ldrh	r3, [r0, #12]
 268 01f6 29B9     		cbnz	r1, .L30
 269 01f8 23F40053 		bic	r3, r3, #8192
 270 01fc 1B04     		lsls	r3, r3, #16
 271 01fe 1B0C     		lsrs	r3, r3, #16
 272 0200 8381     		strh	r3, [r0, #12]	@ movhi
 273 0202 7047     		bx	lr
 274              	.L30:
 275 0204 9BB2     		uxth	r3, r3
 276 0206 43F40053 		orr	r3, r3, #8192
 277 020a 8381     		strh	r3, [r0, #12]	@ movhi
 278 020c 7047     		bx	lr
 280 020e 00BF     		.align	2
 281              		.global	USART_SetPrescaler
 282              		.thumb
 283              		.thumb_func
 285              	USART_SetPrescaler:
 286              		@ args = 0, pretend = 0, frame = 0
 287              		@ frame_needed = 0, uses_anonymous_args = 0
 288              		@ link register save eliminated.
 289 0210 038B     		ldrh	r3, [r0, #24]
 290 0212 03F47F43 		and	r3, r3, #65280
 291 0216 0383     		strh	r3, [r0, #24]	@ movhi
 292 0218 038B     		ldrh	r3, [r0, #24]
 293 021a 9BB2     		uxth	r3, r3
 294 021c 0B43     		orrs	r3, r3, r1
 295 021e 0383     		strh	r3, [r0, #24]	@ movhi
 296 0220 7047     		bx	lr
 298 0222 00BF     		.align	2
 299              		.global	USART_OverSampling8Cmd
 300              		.thumb
 301              		.thumb_func
 303              	USART_OverSampling8Cmd:
 304              		@ args = 0, pretend = 0, frame = 0
 305              		@ frame_needed = 0, uses_anonymous_args = 0
 306              		@ link register save eliminated.
 307 0224 8389     		ldrh	r3, [r0, #12]
 308 0226 19B9     		cbnz	r1, .L35
 309 0228 5B04     		lsls	r3, r3, #17
 310 022a 5B0C     		lsrs	r3, r3, #17
 311 022c 8381     		strh	r3, [r0, #12]	@ movhi
 312 022e 7047     		bx	lr
 313              	.L35:
 314 0230 6FEA4343 		mvn	r3, r3, lsl #17
 315 0234 6FEA5343 		mvn	r3, r3, lsr #17
 316 0238 9BB2     		uxth	r3, r3
 317 023a 8381     		strh	r3, [r0, #12]	@ movhi
 318 023c 7047     		bx	lr
 320 023e 00BF     		.align	2
 321              		.global	USART_OneBitMethodCmd
 322              		.thumb
 323              		.thumb_func
 325              	USART_OneBitMethodCmd:
 326              		@ args = 0, pretend = 0, frame = 0
 327              		@ frame_needed = 0, uses_anonymous_args = 0
 328              		@ link register save eliminated.
 329 0240 838A     		ldrh	r3, [r0, #20]
 330 0242 29B9     		cbnz	r1, .L39
 331 0244 23F40063 		bic	r3, r3, #2048
 332 0248 1B04     		lsls	r3, r3, #16
 333 024a 1B0C     		lsrs	r3, r3, #16
 334 024c 8382     		strh	r3, [r0, #20]	@ movhi
 335 024e 7047     		bx	lr
 336              	.L39:
 337 0250 9BB2     		uxth	r3, r3
 338 0252 43F40063 		orr	r3, r3, #2048
 339 0256 8382     		strh	r3, [r0, #20]	@ movhi
 340 0258 7047     		bx	lr
 342 025a 00BF     		.align	2
 343              		.global	USART_SendData
 344              		.thumb
 345              		.thumb_func
 347              	USART_SendData:
 348              		@ args = 0, pretend = 0, frame = 0
 349              		@ frame_needed = 0, uses_anonymous_args = 0
 350              		@ link register save eliminated.
 351 025c C905     		lsls	r1, r1, #23
 352 025e C90D     		lsrs	r1, r1, #23
 353 0260 8180     		strh	r1, [r0, #4]	@ movhi
 354 0262 7047     		bx	lr
 356              		.align	2
 357              		.global	USART_ReceiveData
 358              		.thumb
 359              		.thumb_func
 361              	USART_ReceiveData:
 362              		@ args = 0, pretend = 0, frame = 0
 363              		@ frame_needed = 0, uses_anonymous_args = 0
 364              		@ link register save eliminated.
 365 0264 8088     		ldrh	r0, [r0, #4]
 366 0266 C005     		lsls	r0, r0, #23
 367 0268 C00D     		lsrs	r0, r0, #23
 368 026a 7047     		bx	lr
 370              		.align	2
 371              		.global	USART_SetAddress
 372              		.thumb
 373              		.thumb_func
 375              	USART_SetAddress:
 376              		@ args = 0, pretend = 0, frame = 0
 377              		@ frame_needed = 0, uses_anonymous_args = 0
 378              		@ link register save eliminated.
 379 026c 038A     		ldrh	r3, [r0, #16]
 380 026e 23F00F03 		bic	r3, r3, #15
 381 0272 1B04     		lsls	r3, r3, #16
 382 0274 1B0C     		lsrs	r3, r3, #16
 383 0276 0382     		strh	r3, [r0, #16]	@ movhi
 384 0278 038A     		ldrh	r3, [r0, #16]
 385 027a 9BB2     		uxth	r3, r3
 386 027c 0B43     		orrs	r3, r3, r1
 387 027e 0382     		strh	r3, [r0, #16]	@ movhi
 388 0280 7047     		bx	lr
 390 0282 00BF     		.align	2
 391              		.global	USART_ReceiverWakeUpCmd
 392              		.thumb
 393              		.thumb_func
 395              	USART_ReceiverWakeUpCmd:
 396              		@ args = 0, pretend = 0, frame = 0
 397              		@ frame_needed = 0, uses_anonymous_args = 0
 398              		@ link register save eliminated.
 399 0284 8389     		ldrh	r3, [r0, #12]
 400 0286 29B9     		cbnz	r1, .L46
 401 0288 23F00203 		bic	r3, r3, #2
 402 028c 1B04     		lsls	r3, r3, #16
 403 028e 1B0C     		lsrs	r3, r3, #16
 404 0290 8381     		strh	r3, [r0, #12]	@ movhi
 405 0292 7047     		bx	lr
 406              	.L46:
 407 0294 9BB2     		uxth	r3, r3
 408 0296 43F00203 		orr	r3, r3, #2
 409 029a 8381     		strh	r3, [r0, #12]	@ movhi
 410 029c 7047     		bx	lr
 412 029e 00BF     		.align	2
 413              		.global	USART_WakeUpConfig
 414              		.thumb
 415              		.thumb_func
 417              	USART_WakeUpConfig:
 418              		@ args = 0, pretend = 0, frame = 0
 419              		@ frame_needed = 0, uses_anonymous_args = 0
 420              		@ link register save eliminated.
 421 02a0 8389     		ldrh	r3, [r0, #12]
 422 02a2 23F40063 		bic	r3, r3, #2048
 423 02a6 1B04     		lsls	r3, r3, #16
 424 02a8 1B0C     		lsrs	r3, r3, #16
 425 02aa 8381     		strh	r3, [r0, #12]	@ movhi
 426 02ac 8389     		ldrh	r3, [r0, #12]
 427 02ae 9BB2     		uxth	r3, r3
 428 02b0 0B43     		orrs	r3, r3, r1
 429 02b2 8381     		strh	r3, [r0, #12]	@ movhi
 430 02b4 7047     		bx	lr
 432 02b6 00BF     		.align	2
 433              		.global	USART_LINBreakDetectLengthConfig
 434              		.thumb
 435              		.thumb_func
 437              	USART_LINBreakDetectLengthConfig:
 438              		@ args = 0, pretend = 0, frame = 0
 439              		@ frame_needed = 0, uses_anonymous_args = 0
 440              		@ link register save eliminated.
 441 02b8 038A     		ldrh	r3, [r0, #16]
 442 02ba 23F02003 		bic	r3, r3, #32
 443 02be 1B04     		lsls	r3, r3, #16
 444 02c0 1B0C     		lsrs	r3, r3, #16
 445 02c2 0382     		strh	r3, [r0, #16]	@ movhi
 446 02c4 038A     		ldrh	r3, [r0, #16]
 447 02c6 9BB2     		uxth	r3, r3
 448 02c8 0B43     		orrs	r3, r3, r1
 449 02ca 0382     		strh	r3, [r0, #16]	@ movhi
 450 02cc 7047     		bx	lr
 452 02ce 00BF     		.align	2
 453              		.global	USART_LINCmd
 454              		.thumb
 455              		.thumb_func
 457              	USART_LINCmd:
 458              		@ args = 0, pretend = 0, frame = 0
 459              		@ frame_needed = 0, uses_anonymous_args = 0
 460              		@ link register save eliminated.
 461 02d0 038A     		ldrh	r3, [r0, #16]
 462 02d2 29B9     		cbnz	r1, .L52
 463 02d4 23F48043 		bic	r3, r3, #16384
 464 02d8 1B04     		lsls	r3, r3, #16
 465 02da 1B0C     		lsrs	r3, r3, #16
 466 02dc 0382     		strh	r3, [r0, #16]	@ movhi
 467 02de 7047     		bx	lr
 468              	.L52:
 469 02e0 9BB2     		uxth	r3, r3
 470 02e2 43F48043 		orr	r3, r3, #16384
 471 02e6 0382     		strh	r3, [r0, #16]	@ movhi
 472 02e8 7047     		bx	lr
 474 02ea 00BF     		.align	2
 475              		.global	USART_SendBreak
 476              		.thumb
 477              		.thumb_func
 479              	USART_SendBreak:
 480              		@ args = 0, pretend = 0, frame = 0
 481              		@ frame_needed = 0, uses_anonymous_args = 0
 482              		@ link register save eliminated.
 483 02ec 8389     		ldrh	r3, [r0, #12]
 484 02ee 9BB2     		uxth	r3, r3
 485 02f0 43F00103 		orr	r3, r3, #1
 486 02f4 8381     		strh	r3, [r0, #12]	@ movhi
 487 02f6 7047     		bx	lr
 489              		.align	2
 490              		.global	USART_HalfDuplexCmd
 491              		.thumb
 492              		.thumb_func
 494              	USART_HalfDuplexCmd:
 495              		@ args = 0, pretend = 0, frame = 0
 496              		@ frame_needed = 0, uses_anonymous_args = 0
 497              		@ link register save eliminated.
 498 02f8 838A     		ldrh	r3, [r0, #20]
 499 02fa 29B9     		cbnz	r1, .L57
 500 02fc 23F00803 		bic	r3, r3, #8
 501 0300 1B04     		lsls	r3, r3, #16
 502 0302 1B0C     		lsrs	r3, r3, #16
 503 0304 8382     		strh	r3, [r0, #20]	@ movhi
 504 0306 7047     		bx	lr
 505              	.L57:
 506 0308 9BB2     		uxth	r3, r3
 507 030a 43F00803 		orr	r3, r3, #8
 508 030e 8382     		strh	r3, [r0, #20]	@ movhi
 509 0310 7047     		bx	lr
 511 0312 00BF     		.align	2
 512              		.global	USART_SetGuardTime
 513              		.thumb
 514              		.thumb_func
 516              	USART_SetGuardTime:
 517              		@ args = 0, pretend = 0, frame = 0
 518              		@ frame_needed = 0, uses_anonymous_args = 0
 519              		@ link register save eliminated.
 520 0314 038B     		ldrh	r3, [r0, #24]
 521 0316 DBB2     		uxtb	r3, r3
 522 0318 0383     		strh	r3, [r0, #24]	@ movhi
 523 031a 038B     		ldrh	r3, [r0, #24]
 524 031c 9BB2     		uxth	r3, r3
 525 031e 43EA0123 		orr	r3, r3, r1, lsl #8
 526 0322 0383     		strh	r3, [r0, #24]	@ movhi
 527 0324 7047     		bx	lr
 529 0326 00BF     		.align	2
 530              		.global	USART_SmartCardCmd
 531              		.thumb
 532              		.thumb_func
 534              	USART_SmartCardCmd:
 535              		@ args = 0, pretend = 0, frame = 0
 536              		@ frame_needed = 0, uses_anonymous_args = 0
 537              		@ link register save eliminated.
 538 0328 838A     		ldrh	r3, [r0, #20]
 539 032a 29B9     		cbnz	r1, .L62
 540 032c 23F02003 		bic	r3, r3, #32
 541 0330 1B04     		lsls	r3, r3, #16
 542 0332 1B0C     		lsrs	r3, r3, #16
 543 0334 8382     		strh	r3, [r0, #20]	@ movhi
 544 0336 7047     		bx	lr
 545              	.L62:
 546 0338 9BB2     		uxth	r3, r3
 547 033a 43F02003 		orr	r3, r3, #32
 548 033e 8382     		strh	r3, [r0, #20]	@ movhi
 549 0340 7047     		bx	lr
 551 0342 00BF     		.align	2
 552              		.global	USART_SmartCardNACKCmd
 553              		.thumb
 554              		.thumb_func
 556              	USART_SmartCardNACKCmd:
 557              		@ args = 0, pretend = 0, frame = 0
 558              		@ frame_needed = 0, uses_anonymous_args = 0
 559              		@ link register save eliminated.
 560 0344 838A     		ldrh	r3, [r0, #20]
 561 0346 29B9     		cbnz	r1, .L66
 562 0348 23F01003 		bic	r3, r3, #16
 563 034c 1B04     		lsls	r3, r3, #16
 564 034e 1B0C     		lsrs	r3, r3, #16
 565 0350 8382     		strh	r3, [r0, #20]	@ movhi
 566 0352 7047     		bx	lr
 567              	.L66:
 568 0354 9BB2     		uxth	r3, r3
 569 0356 43F01003 		orr	r3, r3, #16
 570 035a 8382     		strh	r3, [r0, #20]	@ movhi
 571 035c 7047     		bx	lr
 573 035e 00BF     		.align	2
 574              		.global	USART_IrDAConfig
 575              		.thumb
 576              		.thumb_func
 578              	USART_IrDAConfig:
 579              		@ args = 0, pretend = 0, frame = 0
 580              		@ frame_needed = 0, uses_anonymous_args = 0
 581              		@ link register save eliminated.
 582 0360 838A     		ldrh	r3, [r0, #20]
 583 0362 23F00403 		bic	r3, r3, #4
 584 0366 1B04     		lsls	r3, r3, #16
 585 0368 1B0C     		lsrs	r3, r3, #16
 586 036a 8382     		strh	r3, [r0, #20]	@ movhi
 587 036c 838A     		ldrh	r3, [r0, #20]
 588 036e 9BB2     		uxth	r3, r3
 589 0370 0B43     		orrs	r3, r3, r1
 590 0372 8382     		strh	r3, [r0, #20]	@ movhi
 591 0374 7047     		bx	lr
 593 0376 00BF     		.align	2
 594              		.global	USART_IrDACmd
 595              		.thumb
 596              		.thumb_func
 598              	USART_IrDACmd:
 599              		@ args = 0, pretend = 0, frame = 0
 600              		@ frame_needed = 0, uses_anonymous_args = 0
 601              		@ link register save eliminated.
 602 0378 838A     		ldrh	r3, [r0, #20]
 603 037a 29B9     		cbnz	r1, .L71
 604 037c 23F00203 		bic	r3, r3, #2
 605 0380 1B04     		lsls	r3, r3, #16
 606 0382 1B0C     		lsrs	r3, r3, #16
 607 0384 8382     		strh	r3, [r0, #20]	@ movhi
 608 0386 7047     		bx	lr
 609              	.L71:
 610 0388 9BB2     		uxth	r3, r3
 611 038a 43F00203 		orr	r3, r3, #2
 612 038e 8382     		strh	r3, [r0, #20]	@ movhi
 613 0390 7047     		bx	lr
 615 0392 00BF     		.align	2
 616              		.global	USART_DMACmd
 617              		.thumb
 618              		.thumb_func
 620              	USART_DMACmd:
 621              		@ args = 0, pretend = 0, frame = 0
 622              		@ frame_needed = 0, uses_anonymous_args = 0
 623              		@ link register save eliminated.
 624 0394 838A     		ldrh	r3, [r0, #20]
 625 0396 9BB2     		uxth	r3, r3
 626 0398 1AB9     		cbnz	r2, .L75
 627 039a 23EA0101 		bic	r1, r3, r1
 628 039e 8182     		strh	r1, [r0, #20]	@ movhi
 629 03a0 7047     		bx	lr
 630              	.L75:
 631 03a2 1943     		orrs	r1, r1, r3
 632 03a4 8182     		strh	r1, [r0, #20]	@ movhi
 633 03a6 7047     		bx	lr
 635              		.align	2
 636              		.global	USART_ITConfig
 637              		.thumb
 638              		.thumb_func
 640              	USART_ITConfig:
 641              		@ args = 0, pretend = 0, frame = 0
 642              		@ frame_needed = 0, uses_anonymous_args = 0
 643              		@ link register save eliminated.
 644 03a8 01F01F03 		and	r3, r1, #31
 645 03ac 10B4     		push	{r4}
 646 03ae C1F34211 		ubfx	r1, r1, #5, #3
 647 03b2 0124     		movs	r4, #1
 648 03b4 14FA03F3 		lsls	r3, r4, r3
 649 03b8 A142     		cmp	r1, r4
 650 03ba 0DD0     		beq	.L82
 651 03bc 0229     		cmp	r1, #2
 652 03be 0DD0     		beq	.L83
 653 03c0 1430     		adds	r0, r0, #20
 654              	.L78:
 655 03c2 2AB9     		cbnz	r2, .L84
 656 03c4 0268     		ldr	r2, [r0, #0]
 657 03c6 22EA0303 		bic	r3, r2, r3
 658 03ca 0360     		str	r3, [r0, #0]
 659              	.L76:
 660 03cc 10BC     		pop	{r4}
 661 03ce 7047     		bx	lr
 662              	.L84:
 663 03d0 0268     		ldr	r2, [r0, #0]
 664 03d2 1343     		orrs	r3, r3, r2
 665 03d4 0360     		str	r3, [r0, #0]
 666 03d6 F9E7     		b	.L76
 667              	.L82:
 668 03d8 0C30     		adds	r0, r0, #12
 669 03da F2E7     		b	.L78
 670              	.L83:
 671 03dc 1030     		adds	r0, r0, #16
 672 03de F0E7     		b	.L78
 674              		.align	2
 675              		.global	USART_GetFlagStatus
 676              		.thumb
 677              		.thumb_func
 679              	USART_GetFlagStatus:
 680              		@ args = 0, pretend = 0, frame = 0
 681              		@ frame_needed = 0, uses_anonymous_args = 0
 682              		@ link register save eliminated.
 683 03e0 0388     		ldrh	r3, [r0, #0]
 684 03e2 1942     		tst	r1, r3
 685 03e4 0CBF     		ite	eq
 686 03e6 0020     		moveq	r0, #0
 687 03e8 0120     		movne	r0, #1
 688 03ea 7047     		bx	lr
 690              		.align	2
 691              		.global	USART_ClearFlag
 692              		.thumb
 693              		.thumb_func
 695              	USART_ClearFlag:
 696              		@ args = 0, pretend = 0, frame = 0
 697              		@ frame_needed = 0, uses_anonymous_args = 0
 698              		@ link register save eliminated.
 699 03ec C943     		mvns	r1, r1
 700 03ee 89B2     		uxth	r1, r1
 701 03f0 0180     		strh	r1, [r0, #0]	@ movhi
 702 03f2 7047     		bx	lr
 704              		.align	2
 705              		.global	USART_GetITStatus
 706              		.thumb
 707              		.thumb_func
 709              	USART_GetITStatus:
 710              		@ args = 0, pretend = 0, frame = 0
 711              		@ frame_needed = 0, uses_anonymous_args = 0
 712              		@ link register save eliminated.
 713 03f4 10B4     		push	{r4}
 714 03f6 01F01F02 		and	r2, r1, #31
 715 03fa 0124     		movs	r4, #1
 716 03fc C1F34213 		ubfx	r3, r1, #5, #3
 717 0400 9440     		lsls	r4, r4, r2
 718 0402 012B     		cmp	r3, #1
 719 0404 16D0     		beq	.L91
 720 0406 022B     		cmp	r3, #2
 721 0408 0CBF     		ite	eq
 722 040a 028A     		ldrheq	r2, [r0, #16]
 723 040c 828A     		ldrhne	r2, [r0, #20]
 724 040e 92B2     		uxth	r2, r2
 725 0410 2240     		ands	r2, r2, r4
 726              	.L89:
 727 0412 0388     		ldrh	r3, [r0, #0]
 728 0414 0124     		movs	r4, #1
 729 0416 090A     		lsrs	r1, r1, #8
 730 0418 14FA01F1 		lsls	r1, r4, r1
 731 041c 9BB2     		uxth	r3, r3
 732 041e 1942     		tst	r1, r3
 733 0420 0CBF     		ite	eq
 734 0422 0023     		moveq	r3, #0
 735 0424 0123     		movne	r3, #1
 736 0426 002A     		cmp	r2, #0
 737 0428 0CBF     		ite	eq
 738 042a 0020     		moveq	r0, #0
 739 042c 03F00100 		andne	r0, r3, #1
 740 0430 10BC     		pop	{r4}
 741 0432 7047     		bx	lr
 742              	.L91:
 743 0434 8289     		ldrh	r2, [r0, #12]
 744 0436 92B2     		uxth	r2, r2
 745 0438 2240     		ands	r2, r2, r4
 746 043a EAE7     		b	.L89
 748              		.align	2
 749              		.global	USART_ClearITPendingBit
 750              		.thumb
 751              		.thumb_func
 753              	USART_ClearITPendingBit:
 754              		@ args = 0, pretend = 0, frame = 0
 755              		@ frame_needed = 0, uses_anonymous_args = 0
 756              		@ link register save eliminated.
 757 043c 090A     		lsrs	r1, r1, #8
 758 043e 0123     		movs	r3, #1
 759 0440 13FA01F1 		lsls	r1, r3, r1
 760 0444 C943     		mvns	r1, r1
 761 0446 89B2     		uxth	r1, r1
 762 0448 0180     		strh	r1, [r0, #0]	@ movhi
 763 044a 7047     		bx	lr
 765              		.ident	"GCC: (Linaro GCC 4.6-2011.10) 4.6.2 20111004 (prerelease)"
DEFINED SYMBOLS
                            *ABS*:0000000000000000 stm32f4xx_usart.c
     /tmp/ccZ6cCXw.s:15     .text:0000000000000000 $t
     /tmp/ccZ6cCXw.s:20     .text:0000000000000000 USART_DeInit
     /tmp/ccZ6cCXw.s:103    .text:00000000000000d4 USART_Init
     /tmp/ccZ6cCXw.s:200    .text:00000000000001ac USART_StructInit
     /tmp/ccZ6cCXw.s:220    .text:00000000000001c4 USART_ClockInit
     /tmp/ccZ6cCXw.s:247    .text:00000000000001e8 USART_ClockStructInit
     /tmp/ccZ6cCXw.s:263    .text:00000000000001f4 USART_Cmd
     /tmp/ccZ6cCXw.s:285    .text:0000000000000210 USART_SetPrescaler
     /tmp/ccZ6cCXw.s:303    .text:0000000000000224 USART_OverSampling8Cmd
     /tmp/ccZ6cCXw.s:325    .text:0000000000000240 USART_OneBitMethodCmd
     /tmp/ccZ6cCXw.s:347    .text:000000000000025c USART_SendData
     /tmp/ccZ6cCXw.s:361    .text:0000000000000264 USART_ReceiveData
     /tmp/ccZ6cCXw.s:375    .text:000000000000026c USART_SetAddress
     /tmp/ccZ6cCXw.s:395    .text:0000000000000284 USART_ReceiverWakeUpCmd
     /tmp/ccZ6cCXw.s:417    .text:00000000000002a0 USART_WakeUpConfig
     /tmp/ccZ6cCXw.s:437    .text:00000000000002b8 USART_LINBreakDetectLengthConfig
     /tmp/ccZ6cCXw.s:457    .text:00000000000002d0 USART_LINCmd
     /tmp/ccZ6cCXw.s:479    .text:00000000000002ec USART_SendBreak
     /tmp/ccZ6cCXw.s:494    .text:00000000000002f8 USART_HalfDuplexCmd
     /tmp/ccZ6cCXw.s:516    .text:0000000000000314 USART_SetGuardTime
     /tmp/ccZ6cCXw.s:534    .text:0000000000000328 USART_SmartCardCmd
     /tmp/ccZ6cCXw.s:556    .text:0000000000000344 USART_SmartCardNACKCmd
     /tmp/ccZ6cCXw.s:578    .text:0000000000000360 USART_IrDAConfig
     /tmp/ccZ6cCXw.s:598    .text:0000000000000378 USART_IrDACmd
     /tmp/ccZ6cCXw.s:620    .text:0000000000000394 USART_DMACmd
     /tmp/ccZ6cCXw.s:640    .text:00000000000003a8 USART_ITConfig
     /tmp/ccZ6cCXw.s:679    .text:00000000000003e0 USART_GetFlagStatus
     /tmp/ccZ6cCXw.s:695    .text:00000000000003ec USART_ClearFlag
     /tmp/ccZ6cCXw.s:709    .text:00000000000003f4 USART_GetITStatus
     /tmp/ccZ6cCXw.s:753    .text:000000000000043c USART_ClearITPendingBit

UNDEFINED SYMBOLS
RCC_APB2PeriphResetCmd
RCC_APB1PeriphResetCmd
RCC_GetClocksFreq
