   1              		.syntax unified
   2              		.cpu cortex-m4
   3              		.fpu softvfp
   4              		.eabi_attribute 20, 1
   5              		.eabi_attribute 21, 1
   6              		.eabi_attribute 23, 3
   7              		.eabi_attribute 24, 1
   8              		.eabi_attribute 25, 1
   9              		.eabi_attribute 26, 1
  10              		.eabi_attribute 30, 2
  11              		.eabi_attribute 18, 4
  12              		.thumb
  13              		.file	"stm32f4xx_adc.c"
  14              		.text
  15              		.align	2
  16              		.global	ADC_DeInit
  17              		.thumb
  18              		.thumb_func
  20              	ADC_DeInit:
  21              		@ args = 0, pretend = 0, frame = 0
  22              		@ frame_needed = 0, uses_anonymous_args = 0
  23 0000 08B5     		push	{r3, lr}
  24 0002 0121     		movs	r1, #1
  25 0004 4FF48070 		mov	r0, #256
  26 0008 FFF7FEFF 		bl	RCC_APB2PeriphResetCmd
  27 000c 4FF48070 		mov	r0, #256
  28 0010 0021     		movs	r1, #0
  29 0012 BDE80840 		pop	{r3, lr}
  30 0016 FFF7FEBF 		b	RCC_APB2PeriphResetCmd
  32 001a 00BF     		.align	2
  33              		.global	ADC_Init
  34              		.thumb
  35              		.thumb_func
  37              	ADC_Init:
  38              		@ args = 0, pretend = 0, frame = 0
  39              		@ frame_needed = 0, uses_anonymous_args = 0
  40              		@ link register save eliminated.
  41 001c D0F804C0 		ldr	ip, [r0, #4]
  42 0020 0B68     		ldr	r3, [r1, #0]
  43 0022 4A79     		ldrb	r2, [r1, #5]	@ zero_extendqisi2
  44 0024 2CF0407C 		bic	ip, ip, #50331648
  45 0028 F0B4     		push	{r4, r5, r6, r7}
  46 002a 2CF4807C 		bic	ip, ip, #256
  47 002e 0D79     		ldrb	r5, [r1, #4]	@ zero_extendqisi2
  48 0030 CF68     		ldr	r7, [r1, #12]
  49 0032 0C69     		ldr	r4, [r1, #16]
  50 0034 8E68     		ldr	r6, [r1, #8]
  51 0036 4CEA0303 		orr	r3, ip, r3
  52 003a 43EA0523 		orr	r3, r3, r5, lsl #8
  53 003e 4360     		str	r3, [r0, #4]
  54 0040 8568     		ldr	r5, [r0, #8]
  55 0042 4FF2FD73 		movw	r3, #63485
  56 0046 3C43     		orrs	r4, r4, r7
  57 0048 CCF2FF03 		movt	r3, 49407
  58 004c 3443     		orrs	r4, r4, r6
  59 004e 2B40     		ands	r3, r3, r5
  60 0050 2343     		orrs	r3, r3, r4
  61 0052 43EA4203 		orr	r3, r3, r2, lsl #1
  62 0056 8360     		str	r3, [r0, #8]
  63 0058 0B7D     		ldrb	r3, [r1, #20]	@ zero_extendqisi2
  64 005a C26A     		ldr	r2, [r0, #44]
  65 005c 013B     		subs	r3, r3, #1
  66 005e 22F47002 		bic	r2, r2, #15728640
  67 0062 DBB2     		uxtb	r3, r3
  68 0064 42EA0353 		orr	r3, r2, r3, lsl #20
  69 0068 C362     		str	r3, [r0, #44]
  70 006a F0BC     		pop	{r4, r5, r6, r7}
  71 006c 7047     		bx	lr
  73 006e 00BF     		.align	2
  74              		.global	ADC_StructInit
  75              		.thumb
  76              		.thumb_func
  78              	ADC_StructInit:
  79              		@ args = 0, pretend = 0, frame = 0
  80              		@ frame_needed = 0, uses_anonymous_args = 0
  81              		@ link register save eliminated.
  82 0070 0023     		movs	r3, #0
  83 0072 0360     		str	r3, [r0, #0]
  84 0074 0371     		strb	r3, [r0, #4]
  85 0076 4371     		strb	r3, [r0, #5]
  86 0078 8360     		str	r3, [r0, #8]
  87 007a C360     		str	r3, [r0, #12]
  88 007c 0361     		str	r3, [r0, #16]
  89 007e 0123     		movs	r3, #1
  90 0080 0375     		strb	r3, [r0, #20]
  91 0082 7047     		bx	lr
  93              		.align	2
  94              		.global	ADC_CommonInit
  95              		.thumb
  96              		.thumb_func
  98              	ADC_CommonInit:
  99              		@ args = 0, pretend = 0, frame = 0
 100              		@ frame_needed = 0, uses_anonymous_args = 0
 101              		@ link register save eliminated.
 102 0084 70B4     		push	{r4, r5, r6}
 103 0086 4FF40C52 		mov	r2, #8960
 104 008a 90E84200 		ldmia	r0, {r1, r6}
 105 008e C4F20102 		movt	r2, 16385
 106 0092 8568     		ldr	r5, [r0, #8]
 107 0094 5468     		ldr	r4, [r2, #4]
 108 0096 C068     		ldr	r0, [r0, #12]
 109 0098 43F2E003 		movw	r3, #12512
 110 009c 3143     		orrs	r1, r1, r6
 111 009e CFF6FC73 		movt	r3, 65532
 112 00a2 2943     		orrs	r1, r1, r5
 113 00a4 2340     		ands	r3, r3, r4
 114 00a6 0143     		orrs	r1, r1, r0
 115 00a8 0B43     		orrs	r3, r3, r1
 116 00aa 5360     		str	r3, [r2, #4]
 117 00ac 70BC     		pop	{r4, r5, r6}
 118 00ae 7047     		bx	lr
 120              		.align	2
 121              		.global	ADC_CommonStructInit
 122              		.thumb
 123              		.thumb_func
 125              	ADC_CommonStructInit:
 126              		@ args = 0, pretend = 0, frame = 0
 127              		@ frame_needed = 0, uses_anonymous_args = 0
 128              		@ link register save eliminated.
 129 00b0 0023     		movs	r3, #0
 130 00b2 0360     		str	r3, [r0, #0]
 131 00b4 4360     		str	r3, [r0, #4]
 132 00b6 8360     		str	r3, [r0, #8]
 133 00b8 C360     		str	r3, [r0, #12]
 134 00ba 7047     		bx	lr
 136              		.align	2
 137              		.global	ADC_Cmd
 138              		.thumb
 139              		.thumb_func
 141              	ADC_Cmd:
 142              		@ args = 0, pretend = 0, frame = 0
 143              		@ frame_needed = 0, uses_anonymous_args = 0
 144              		@ link register save eliminated.
 145 00bc 8368     		ldr	r3, [r0, #8]
 146 00be 19B9     		cbnz	r1, .L10
 147 00c0 23F00103 		bic	r3, r3, #1
 148 00c4 8360     		str	r3, [r0, #8]
 149 00c6 7047     		bx	lr
 150              	.L10:
 151 00c8 43F00103 		orr	r3, r3, #1
 152 00cc 8360     		str	r3, [r0, #8]
 153 00ce 7047     		bx	lr
 155              		.align	2
 156              		.global	ADC_AnalogWatchdogCmd
 157              		.thumb
 158              		.thumb_func
 160              	ADC_AnalogWatchdogCmd:
 161              		@ args = 0, pretend = 0, frame = 0
 162              		@ frame_needed = 0, uses_anonymous_args = 0
 163              		@ link register save eliminated.
 164 00d0 4368     		ldr	r3, [r0, #4]
 165 00d2 23F44003 		bic	r3, r3, #12582912
 166 00d6 23F40073 		bic	r3, r3, #512
 167 00da 0B43     		orrs	r3, r3, r1
 168 00dc 4360     		str	r3, [r0, #4]
 169 00de 7047     		bx	lr
 171              		.align	2
 172              		.global	ADC_AnalogWatchdogThresholdsConfig
 173              		.thumb
 174              		.thumb_func
 176              	ADC_AnalogWatchdogThresholdsConfig:
 177              		@ args = 0, pretend = 0, frame = 0
 178              		@ frame_needed = 0, uses_anonymous_args = 0
 179              		@ link register save eliminated.
 180 00e0 4162     		str	r1, [r0, #36]
 181 00e2 8262     		str	r2, [r0, #40]
 182 00e4 7047     		bx	lr
 184 00e6 00BF     		.align	2
 185              		.global	ADC_AnalogWatchdogSingleChannelConfig
 186              		.thumb
 187              		.thumb_func
 189              	ADC_AnalogWatchdogSingleChannelConfig:
 190              		@ args = 0, pretend = 0, frame = 0
 191              		@ frame_needed = 0, uses_anonymous_args = 0
 192              		@ link register save eliminated.
 193 00e8 4368     		ldr	r3, [r0, #4]
 194 00ea 23F01F03 		bic	r3, r3, #31
 195 00ee 0B43     		orrs	r3, r3, r1
 196 00f0 4360     		str	r3, [r0, #4]
 197 00f2 7047     		bx	lr
 199              		.align	2
 200              		.global	ADC_TempSensorVrefintCmd
 201              		.thumb
 202              		.thumb_func
 204              	ADC_TempSensorVrefintCmd:
 205              		@ args = 0, pretend = 0, frame = 0
 206              		@ frame_needed = 0, uses_anonymous_args = 0
 207              		@ link register save eliminated.
 208 00f4 4FF40C53 		mov	r3, #8960
 209 00f8 C4F20103 		movt	r3, 16385
 210 00fc 5A68     		ldr	r2, [r3, #4]
 211 00fe 18B9     		cbnz	r0, .L17
 212 0100 22F40002 		bic	r2, r2, #8388608
 213 0104 5A60     		str	r2, [r3, #4]
 214 0106 7047     		bx	lr
 215              	.L17:
 216 0108 42F40002 		orr	r2, r2, #8388608
 217 010c 5A60     		str	r2, [r3, #4]
 218 010e 7047     		bx	lr
 220              		.align	2
 221              		.global	ADC_VBATCmd
 222              		.thumb
 223              		.thumb_func
 225              	ADC_VBATCmd:
 226              		@ args = 0, pretend = 0, frame = 0
 227              		@ frame_needed = 0, uses_anonymous_args = 0
 228              		@ link register save eliminated.
 229 0110 4FF40C53 		mov	r3, #8960
 230 0114 C4F20103 		movt	r3, 16385
 231 0118 5A68     		ldr	r2, [r3, #4]
 232 011a 18B9     		cbnz	r0, .L21
 233 011c 22F48002 		bic	r2, r2, #4194304
 234 0120 5A60     		str	r2, [r3, #4]
 235 0122 7047     		bx	lr
 236              	.L21:
 237 0124 42F48002 		orr	r2, r2, #4194304
 238 0128 5A60     		str	r2, [r3, #4]
 239 012a 7047     		bx	lr
 241              		.align	2
 242              		.global	ADC_RegularChannelConfig
 243              		.thumb
 244              		.thumb_func
 246              	ADC_RegularChannelConfig:
 247              		@ args = 0, pretend = 0, frame = 0
 248              		@ frame_needed = 0, uses_anonymous_args = 0
 249              		@ link register save eliminated.
 250 012c 0929     		cmp	r1, #9
 251 012e 70B4     		push	{r4, r5, r6}
 252 0130 1ED9     		bls	.L23
 253 0132 01EB4104 		add	r4, r1, r1, lsl #1
 254 0136 1E3C     		subs	r4, r4, #30
 255 0138 C668     		ldr	r6, [r0, #12]
 256 013a 0725     		movs	r5, #7
 257 013c A540     		lsls	r5, r5, r4
 258 013e 26EA0505 		bic	r5, r6, r5
 259 0142 13FA04F4 		lsls	r4, r3, r4
 260 0146 45EA0403 		orr	r3, r5, r4
 261 014a 062A     		cmp	r2, #6
 262 014c C360     		str	r3, [r0, #12]
 263 014e 1DD9     		bls	.L28
 264              	.L25:
 265 0150 0C2A     		cmp	r2, #12
 266 0152 02EB8202 		add	r2, r2, r2, lsl #2
 267 0156 26D9     		bls	.L29
 268 0158 413A     		subs	r2, r2, #65
 269 015a C46A     		ldr	r4, [r0, #44]
 270 015c 1F23     		movs	r3, #31
 271 015e 9340     		lsls	r3, r3, r2
 272 0160 24EA0303 		bic	r3, r4, r3
 273 0164 9140     		lsls	r1, r1, r2
 274 0166 43EA0102 		orr	r2, r3, r1
 275 016a C262     		str	r2, [r0, #44]
 276              	.L22:
 277 016c 70BC     		pop	{r4, r5, r6}
 278 016e 7047     		bx	lr
 279              	.L23:
 280 0170 0669     		ldr	r6, [r0, #16]
 281 0172 01EB4104 		add	r4, r1, r1, lsl #1
 282 0176 0725     		movs	r5, #7
 283 0178 A540     		lsls	r5, r5, r4
 284 017a 26EA0505 		bic	r5, r6, r5
 285 017e 13FA04F4 		lsls	r4, r3, r4
 286 0182 45EA0403 		orr	r3, r5, r4
 287 0186 062A     		cmp	r2, #6
 288 0188 0361     		str	r3, [r0, #16]
 289 018a E1D8     		bhi	.L25
 290              	.L28:
 291 018c 013A     		subs	r2, r2, #1
 292 018e 02EB8202 		add	r2, r2, r2, lsl #2
 293 0192 446B     		ldr	r4, [r0, #52]
 294 0194 1F23     		movs	r3, #31
 295 0196 9340     		lsls	r3, r3, r2
 296 0198 24EA0303 		bic	r3, r4, r3
 297 019c 9140     		lsls	r1, r1, r2
 298 019e 43EA0102 		orr	r2, r3, r1
 299 01a2 4263     		str	r2, [r0, #52]
 300 01a4 E2E7     		b	.L22
 301              	.L29:
 302 01a6 233A     		subs	r2, r2, #35
 303 01a8 046B     		ldr	r4, [r0, #48]
 304 01aa 1F23     		movs	r3, #31
 305 01ac 9340     		lsls	r3, r3, r2
 306 01ae 24EA0303 		bic	r3, r4, r3
 307 01b2 9140     		lsls	r1, r1, r2
 308 01b4 43EA0102 		orr	r2, r3, r1
 309 01b8 0263     		str	r2, [r0, #48]
 310 01ba D7E7     		b	.L22
 312              		.align	2
 313              		.global	ADC_SoftwareStartConv
 314              		.thumb
 315              		.thumb_func
 317              	ADC_SoftwareStartConv:
 318              		@ args = 0, pretend = 0, frame = 0
 319              		@ frame_needed = 0, uses_anonymous_args = 0
 320              		@ link register save eliminated.
 321 01bc 8368     		ldr	r3, [r0, #8]
 322 01be 43F08043 		orr	r3, r3, #1073741824
 323 01c2 8360     		str	r3, [r0, #8]
 324 01c4 7047     		bx	lr
 326 01c6 00BF     		.align	2
 327              		.global	ADC_GetSoftwareStartConvStatus
 328              		.thumb
 329              		.thumb_func
 331              	ADC_GetSoftwareStartConvStatus:
 332              		@ args = 0, pretend = 0, frame = 0
 333              		@ frame_needed = 0, uses_anonymous_args = 0
 334              		@ link register save eliminated.
 335 01c8 8068     		ldr	r0, [r0, #8]
 336 01ca C0F38050 		ubfx	r0, r0, #22, #1
 337 01ce 7047     		bx	lr
 339              		.align	2
 340              		.global	ADC_EOCOnEachRegularChannelCmd
 341              		.thumb
 342              		.thumb_func
 344              	ADC_EOCOnEachRegularChannelCmd:
 345              		@ args = 0, pretend = 0, frame = 0
 346              		@ frame_needed = 0, uses_anonymous_args = 0
 347              		@ link register save eliminated.
 348 01d0 8368     		ldr	r3, [r0, #8]
 349 01d2 19B9     		cbnz	r1, .L35
 350 01d4 23F48063 		bic	r3, r3, #1024
 351 01d8 8360     		str	r3, [r0, #8]
 352 01da 7047     		bx	lr
 353              	.L35:
 354 01dc 43F48063 		orr	r3, r3, #1024
 355 01e0 8360     		str	r3, [r0, #8]
 356 01e2 7047     		bx	lr
 358              		.align	2
 359              		.global	ADC_ContinuousModeCmd
 360              		.thumb
 361              		.thumb_func
 363              	ADC_ContinuousModeCmd:
 364              		@ args = 0, pretend = 0, frame = 0
 365              		@ frame_needed = 0, uses_anonymous_args = 0
 366              		@ link register save eliminated.
 367 01e4 8368     		ldr	r3, [r0, #8]
 368 01e6 19B9     		cbnz	r1, .L39
 369 01e8 23F00203 		bic	r3, r3, #2
 370 01ec 8360     		str	r3, [r0, #8]
 371 01ee 7047     		bx	lr
 372              	.L39:
 373 01f0 43F00203 		orr	r3, r3, #2
 374 01f4 8360     		str	r3, [r0, #8]
 375 01f6 7047     		bx	lr
 377              		.align	2
 378              		.global	ADC_DiscModeChannelCountConfig
 379              		.thumb
 380              		.thumb_func
 382              	ADC_DiscModeChannelCountConfig:
 383              		@ args = 0, pretend = 0, frame = 0
 384              		@ frame_needed = 0, uses_anonymous_args = 0
 385              		@ link register save eliminated.
 386 01f8 4368     		ldr	r3, [r0, #4]
 387 01fa 0139     		subs	r1, r1, #1
 388 01fc 23F46043 		bic	r3, r3, #57344
 389 0200 43EA4131 		orr	r1, r3, r1, lsl #13
 390 0204 4160     		str	r1, [r0, #4]
 391 0206 7047     		bx	lr
 393              		.align	2
 394              		.global	ADC_DiscModeCmd
 395              		.thumb
 396              		.thumb_func
 398              	ADC_DiscModeCmd:
 399              		@ args = 0, pretend = 0, frame = 0
 400              		@ frame_needed = 0, uses_anonymous_args = 0
 401              		@ link register save eliminated.
 402 0208 4368     		ldr	r3, [r0, #4]
 403 020a 19B9     		cbnz	r1, .L44
 404 020c 23F40063 		bic	r3, r3, #2048
 405 0210 4360     		str	r3, [r0, #4]
 406 0212 7047     		bx	lr
 407              	.L44:
 408 0214 43F40063 		orr	r3, r3, #2048
 409 0218 4360     		str	r3, [r0, #4]
 410 021a 7047     		bx	lr
 412              		.align	2
 413              		.global	ADC_GetConversionValue
 414              		.thumb
 415              		.thumb_func
 417              	ADC_GetConversionValue:
 418              		@ args = 0, pretend = 0, frame = 0
 419              		@ frame_needed = 0, uses_anonymous_args = 0
 420              		@ link register save eliminated.
 421 021c C06C     		ldr	r0, [r0, #76]
 422 021e 80B2     		uxth	r0, r0
 423 0220 7047     		bx	lr
 425 0222 00BF     		.align	2
 426              		.global	ADC_GetMultiModeConversionValue
 427              		.thumb
 428              		.thumb_func
 430              	ADC_GetMultiModeConversionValue:
 431              		@ args = 0, pretend = 0, frame = 0
 432              		@ frame_needed = 0, uses_anonymous_args = 0
 433              		@ link register save eliminated.
 434 0224 42F20833 		movw	r3, #8968
 435 0228 C4F20103 		movt	r3, 16385
 436 022c 1868     		ldr	r0, [r3, #0]
 437 022e 7047     		bx	lr
 439              		.align	2
 440              		.global	ADC_DMACmd
 441              		.thumb
 442              		.thumb_func
 444              	ADC_DMACmd:
 445              		@ args = 0, pretend = 0, frame = 0
 446              		@ frame_needed = 0, uses_anonymous_args = 0
 447              		@ link register save eliminated.
 448 0230 8368     		ldr	r3, [r0, #8]
 449 0232 19B9     		cbnz	r1, .L50
 450 0234 23F48073 		bic	r3, r3, #256
 451 0238 8360     		str	r3, [r0, #8]
 452 023a 7047     		bx	lr
 453              	.L50:
 454 023c 43F48073 		orr	r3, r3, #256
 455 0240 8360     		str	r3, [r0, #8]
 456 0242 7047     		bx	lr
 458              		.align	2
 459              		.global	ADC_DMARequestAfterLastTransferCmd
 460              		.thumb
 461              		.thumb_func
 463              	ADC_DMARequestAfterLastTransferCmd:
 464              		@ args = 0, pretend = 0, frame = 0
 465              		@ frame_needed = 0, uses_anonymous_args = 0
 466              		@ link register save eliminated.
 467 0244 8368     		ldr	r3, [r0, #8]
 468 0246 19B9     		cbnz	r1, .L54
 469 0248 23F40073 		bic	r3, r3, #512
 470 024c 8360     		str	r3, [r0, #8]
 471 024e 7047     		bx	lr
 472              	.L54:
 473 0250 43F40073 		orr	r3, r3, #512
 474 0254 8360     		str	r3, [r0, #8]
 475 0256 7047     		bx	lr
 477              		.align	2
 478              		.global	ADC_MultiModeDMARequestAfterLastTransferCmd
 479              		.thumb
 480              		.thumb_func
 482              	ADC_MultiModeDMARequestAfterLastTransferCmd:
 483              		@ args = 0, pretend = 0, frame = 0
 484              		@ frame_needed = 0, uses_anonymous_args = 0
 485              		@ link register save eliminated.
 486 0258 4FF40C53 		mov	r3, #8960
 487 025c C4F20103 		movt	r3, 16385
 488 0260 5A68     		ldr	r2, [r3, #4]
 489 0262 18B9     		cbnz	r0, .L58
 490 0264 22F40052 		bic	r2, r2, #8192
 491 0268 5A60     		str	r2, [r3, #4]
 492 026a 7047     		bx	lr
 493              	.L58:
 494 026c 42F40052 		orr	r2, r2, #8192
 495 0270 5A60     		str	r2, [r3, #4]
 496 0272 7047     		bx	lr
 498              		.align	2
 499              		.global	ADC_InjectedChannelConfig
 500              		.thumb
 501              		.thumb_func
 503              	ADC_InjectedChannelConfig:
 504              		@ args = 0, pretend = 0, frame = 0
 505              		@ frame_needed = 0, uses_anonymous_args = 0
 506              		@ link register save eliminated.
 507 0274 0929     		cmp	r1, #9
 508 0276 70B4     		push	{r4, r5, r6}
 509 0278 1CD8     		bhi	.L62
 510 027a 0669     		ldr	r6, [r0, #16]
 511 027c 01EB4104 		add	r4, r1, r1, lsl #1
 512 0280 0725     		movs	r5, #7
 513 0282 A540     		lsls	r5, r5, r4
 514 0284 26EA0505 		bic	r5, r6, r5
 515 0288 13FA04F4 		lsls	r4, r3, r4
 516 028c 45EA0403 		orr	r3, r5, r4
 517 0290 0361     		str	r3, [r0, #16]
 518              	.L61:
 519 0292 836B     		ldr	r3, [r0, #56]
 520 0294 C3F30154 		ubfx	r4, r3, #20, #2
 521 0298 121B     		subs	r2, r2, r4
 522 029a 0232     		adds	r2, r2, #2
 523 029c D2B2     		uxtb	r2, r2
 524 029e 02EB8202 		add	r2, r2, r2, lsl #2
 525 02a2 1F24     		movs	r4, #31
 526 02a4 9440     		lsls	r4, r4, r2
 527 02a6 23EA0403 		bic	r3, r3, r4
 528 02aa 9140     		lsls	r1, r1, r2
 529 02ac 0B43     		orrs	r3, r3, r1
 530 02ae 8363     		str	r3, [r0, #56]
 531 02b0 70BC     		pop	{r4, r5, r6}
 532 02b2 7047     		bx	lr
 533              	.L62:
 534 02b4 01EB4104 		add	r4, r1, r1, lsl #1
 535 02b8 C668     		ldr	r6, [r0, #12]
 536 02ba 1E3C     		subs	r4, r4, #30
 537 02bc 0725     		movs	r5, #7
 538 02be A540     		lsls	r5, r5, r4
 539 02c0 26EA0505 		bic	r5, r6, r5
 540 02c4 13FA04F4 		lsls	r4, r3, r4
 541 02c8 45EA0403 		orr	r3, r5, r4
 542 02cc C360     		str	r3, [r0, #12]
 543 02ce E0E7     		b	.L61
 545              		.align	2
 546              		.global	ADC_InjectedSequencerLengthConfig
 547              		.thumb
 548              		.thumb_func
 550              	ADC_InjectedSequencerLengthConfig:
 551              		@ args = 0, pretend = 0, frame = 0
 552              		@ frame_needed = 0, uses_anonymous_args = 0
 553              		@ link register save eliminated.
 554 02d0 836B     		ldr	r3, [r0, #56]
 555 02d2 0139     		subs	r1, r1, #1
 556 02d4 23F44013 		bic	r3, r3, #3145728
 557 02d8 43EA0151 		orr	r1, r3, r1, lsl #20
 558 02dc 8163     		str	r1, [r0, #56]
 559 02de 7047     		bx	lr
 561              		.align	2
 562              		.global	ADC_SetInjectedOffset
 563              		.thumb
 564              		.thumb_func
 566              	ADC_SetInjectedOffset:
 567              		@ args = 0, pretend = 0, frame = 8
 568              		@ frame_needed = 0, uses_anonymous_args = 0
 569              		@ link register save eliminated.
 570 02e0 82B0     		sub	sp, sp, #8
 571 02e2 0023     		movs	r3, #0
 572 02e4 0193     		str	r3, [sp, #4]
 573 02e6 0190     		str	r0, [sp, #4]
 574 02e8 019B     		ldr	r3, [sp, #4]
 575 02ea CB18     		adds	r3, r1, r3
 576 02ec 0193     		str	r3, [sp, #4]
 577 02ee 019B     		ldr	r3, [sp, #4]
 578 02f0 1A60     		str	r2, [r3, #0]
 579 02f2 02B0     		add	sp, sp, #8
 580 02f4 7047     		bx	lr
 582 02f6 00BF     		.align	2
 583              		.global	ADC_ExternalTrigInjectedConvConfig
 584              		.thumb
 585              		.thumb_func
 587              	ADC_ExternalTrigInjectedConvConfig:
 588              		@ args = 0, pretend = 0, frame = 0
 589              		@ frame_needed = 0, uses_anonymous_args = 0
 590              		@ link register save eliminated.
 591 02f8 8368     		ldr	r3, [r0, #8]
 592 02fa 23F47023 		bic	r3, r3, #983040
 593 02fe 0B43     		orrs	r3, r3, r1
 594 0300 8360     		str	r3, [r0, #8]
 595 0302 7047     		bx	lr
 597              		.align	2
 598              		.global	ADC_ExternalTrigInjectedConvEdgeConfig
 599              		.thumb
 600              		.thumb_func
 602              	ADC_ExternalTrigInjectedConvEdgeConfig:
 603              		@ args = 0, pretend = 0, frame = 0
 604              		@ frame_needed = 0, uses_anonymous_args = 0
 605              		@ link register save eliminated.
 606 0304 8368     		ldr	r3, [r0, #8]
 607 0306 23F44013 		bic	r3, r3, #3145728
 608 030a 0B43     		orrs	r3, r3, r1
 609 030c 8360     		str	r3, [r0, #8]
 610 030e 7047     		bx	lr
 612              		.align	2
 613              		.global	ADC_SoftwareStartInjectedConv
 614              		.thumb
 615              		.thumb_func
 617              	ADC_SoftwareStartInjectedConv:
 618              		@ args = 0, pretend = 0, frame = 0
 619              		@ frame_needed = 0, uses_anonymous_args = 0
 620              		@ link register save eliminated.
 621 0310 8368     		ldr	r3, [r0, #8]
 622 0312 43F48003 		orr	r3, r3, #4194304
 623 0316 8360     		str	r3, [r0, #8]
 624 0318 7047     		bx	lr
 626 031a 00BF     		.align	2
 627              		.global	ADC_GetSoftwareStartInjectedConvCmdStatus
 628              		.thumb
 629              		.thumb_func
 631              	ADC_GetSoftwareStartInjectedConvCmdStatus:
 632              		@ args = 0, pretend = 0, frame = 0
 633              		@ frame_needed = 0, uses_anonymous_args = 0
 634              		@ link register save eliminated.
 635 031c 8068     		ldr	r0, [r0, #8]
 636 031e C0F38050 		ubfx	r0, r0, #22, #1
 637 0322 7047     		bx	lr
 639              		.align	2
 640              		.global	ADC_AutoInjectedConvCmd
 641              		.thumb
 642              		.thumb_func
 644              	ADC_AutoInjectedConvCmd:
 645              		@ args = 0, pretend = 0, frame = 0
 646              		@ frame_needed = 0, uses_anonymous_args = 0
 647              		@ link register save eliminated.
 648 0324 4368     		ldr	r3, [r0, #4]
 649 0326 19B9     		cbnz	r1, .L72
 650 0328 23F48063 		bic	r3, r3, #1024
 651 032c 4360     		str	r3, [r0, #4]
 652 032e 7047     		bx	lr
 653              	.L72:
 654 0330 43F48063 		orr	r3, r3, #1024
 655 0334 4360     		str	r3, [r0, #4]
 656 0336 7047     		bx	lr
 658              		.align	2
 659              		.global	ADC_InjectedDiscModeCmd
 660              		.thumb
 661              		.thumb_func
 663              	ADC_InjectedDiscModeCmd:
 664              		@ args = 0, pretend = 0, frame = 0
 665              		@ frame_needed = 0, uses_anonymous_args = 0
 666              		@ link register save eliminated.
 667 0338 4368     		ldr	r3, [r0, #4]
 668 033a 19B9     		cbnz	r1, .L76
 669 033c 23F48053 		bic	r3, r3, #4096
 670 0340 4360     		str	r3, [r0, #4]
 671 0342 7047     		bx	lr
 672              	.L76:
 673 0344 43F48053 		orr	r3, r3, #4096
 674 0348 4360     		str	r3, [r0, #4]
 675 034a 7047     		bx	lr
 677              		.align	2
 678              		.global	ADC_GetInjectedConversionValue
 679              		.thumb
 680              		.thumb_func
 682              	ADC_GetInjectedConversionValue:
 683              		@ args = 0, pretend = 0, frame = 8
 684              		@ frame_needed = 0, uses_anonymous_args = 0
 685              		@ link register save eliminated.
 686 034c 82B0     		sub	sp, sp, #8
 687 034e 0023     		movs	r3, #0
 688 0350 0193     		str	r3, [sp, #4]
 689 0352 0190     		str	r0, [sp, #4]
 690 0354 019B     		ldr	r3, [sp, #4]
 691 0356 2833     		adds	r3, r3, #40
 692 0358 5B18     		adds	r3, r3, r1
 693 035a 0193     		str	r3, [sp, #4]
 694 035c 019B     		ldr	r3, [sp, #4]
 695 035e 1868     		ldr	r0, [r3, #0]
 696 0360 80B2     		uxth	r0, r0
 697 0362 02B0     		add	sp, sp, #8
 698 0364 7047     		bx	lr
 700 0366 00BF     		.align	2
 701              		.global	ADC_ITConfig
 702              		.thumb
 703              		.thumb_func
 705              	ADC_ITConfig:
 706              		@ args = 0, pretend = 0, frame = 0
 707              		@ frame_needed = 0, uses_anonymous_args = 0
 708              		@ link register save eliminated.
 709 0368 0123     		movs	r3, #1
 710 036a C9B2     		uxtb	r1, r1
 711 036c 13FA01F1 		lsls	r1, r3, r1
 712 0370 4368     		ldr	r3, [r0, #4]
 713 0372 1AB9     		cbnz	r2, .L81
 714 0374 23EA0101 		bic	r1, r3, r1
 715 0378 4160     		str	r1, [r0, #4]
 716 037a 7047     		bx	lr
 717              	.L81:
 718 037c 1943     		orrs	r1, r1, r3
 719 037e 4160     		str	r1, [r0, #4]
 720 0380 7047     		bx	lr
 722 0382 00BF     		.align	2
 723              		.global	ADC_GetFlagStatus
 724              		.thumb
 725              		.thumb_func
 727              	ADC_GetFlagStatus:
 728              		@ args = 0, pretend = 0, frame = 0
 729              		@ frame_needed = 0, uses_anonymous_args = 0
 730              		@ link register save eliminated.
 731 0384 0368     		ldr	r3, [r0, #0]
 732 0386 1942     		tst	r1, r3
 733 0388 0CBF     		ite	eq
 734 038a 0020     		moveq	r0, #0
 735 038c 0120     		movne	r0, #1
 736 038e 7047     		bx	lr
 738              		.align	2
 739              		.global	ADC_ClearFlag
 740              		.thumb
 741              		.thumb_func
 743              	ADC_ClearFlag:
 744              		@ args = 0, pretend = 0, frame = 0
 745              		@ frame_needed = 0, uses_anonymous_args = 0
 746              		@ link register save eliminated.
 747 0390 C943     		mvns	r1, r1
 748 0392 0160     		str	r1, [r0, #0]
 749 0394 7047     		bx	lr
 751 0396 00BF     		.align	2
 752              		.global	ADC_GetITStatus
 753              		.thumb
 754              		.thumb_func
 756              	ADC_GetITStatus:
 757              		@ args = 0, pretend = 0, frame = 0
 758              		@ frame_needed = 0, uses_anonymous_args = 0
 759              		@ link register save eliminated.
 760 0398 4368     		ldr	r3, [r0, #4]
 761 039a 0068     		ldr	r0, [r0, #0]
 762 039c 10EA1120 		ands	r0, r0, r1, lsr #8
 763 03a0 07D0     		beq	.L85
 764 03a2 0122     		movs	r2, #1
 765 03a4 C9B2     		uxtb	r1, r1
 766 03a6 12FA01F1 		lsls	r1, r2, r1
 767 03aa 1942     		tst	r1, r3
 768 03ac 0CBF     		ite	eq
 769 03ae 0020     		moveq	r0, #0
 770 03b0 0120     		movne	r0, #1
 771              	.L85:
 772 03b2 7047     		bx	lr
 774              		.align	2
 775              		.global	ADC_ClearITPendingBit
 776              		.thumb
 777              		.thumb_func
 779              	ADC_ClearITPendingBit:
 780              		@ args = 0, pretend = 0, frame = 0
 781              		@ frame_needed = 0, uses_anonymous_args = 0
 782              		@ link register save eliminated.
 783 03b4 6FEA1121 		mvn	r1, r1, lsr #8
 784 03b8 0160     		str	r1, [r0, #0]
 785 03ba 7047     		bx	lr
 787              		.ident	"GCC: (Linaro GCC 4.6-2011.10) 4.6.2 20111004 (prerelease)"
DEFINED SYMBOLS
                            *ABS*:0000000000000000 stm32f4xx_adc.c
     /tmp/cc70RZgt.s:15     .text:0000000000000000 $t
     /tmp/cc70RZgt.s:20     .text:0000000000000000 ADC_DeInit
     /tmp/cc70RZgt.s:37     .text:000000000000001c ADC_Init
     /tmp/cc70RZgt.s:78     .text:0000000000000070 ADC_StructInit
     /tmp/cc70RZgt.s:98     .text:0000000000000084 ADC_CommonInit
     /tmp/cc70RZgt.s:125    .text:00000000000000b0 ADC_CommonStructInit
     /tmp/cc70RZgt.s:141    .text:00000000000000bc ADC_Cmd
     /tmp/cc70RZgt.s:160    .text:00000000000000d0 ADC_AnalogWatchdogCmd
     /tmp/cc70RZgt.s:176    .text:00000000000000e0 ADC_AnalogWatchdogThresholdsConfig
     /tmp/cc70RZgt.s:189    .text:00000000000000e8 ADC_AnalogWatchdogSingleChannelConfig
     /tmp/cc70RZgt.s:204    .text:00000000000000f4 ADC_TempSensorVrefintCmd
     /tmp/cc70RZgt.s:225    .text:0000000000000110 ADC_VBATCmd
     /tmp/cc70RZgt.s:246    .text:000000000000012c ADC_RegularChannelConfig
     /tmp/cc70RZgt.s:317    .text:00000000000001bc ADC_SoftwareStartConv
     /tmp/cc70RZgt.s:331    .text:00000000000001c8 ADC_GetSoftwareStartConvStatus
     /tmp/cc70RZgt.s:344    .text:00000000000001d0 ADC_EOCOnEachRegularChannelCmd
     /tmp/cc70RZgt.s:363    .text:00000000000001e4 ADC_ContinuousModeCmd
     /tmp/cc70RZgt.s:382    .text:00000000000001f8 ADC_DiscModeChannelCountConfig
     /tmp/cc70RZgt.s:398    .text:0000000000000208 ADC_DiscModeCmd
     /tmp/cc70RZgt.s:417    .text:000000000000021c ADC_GetConversionValue
     /tmp/cc70RZgt.s:430    .text:0000000000000224 ADC_GetMultiModeConversionValue
     /tmp/cc70RZgt.s:444    .text:0000000000000230 ADC_DMACmd
     /tmp/cc70RZgt.s:463    .text:0000000000000244 ADC_DMARequestAfterLastTransferCmd
     /tmp/cc70RZgt.s:482    .text:0000000000000258 ADC_MultiModeDMARequestAfterLastTransferCmd
     /tmp/cc70RZgt.s:503    .text:0000000000000274 ADC_InjectedChannelConfig
     /tmp/cc70RZgt.s:550    .text:00000000000002d0 ADC_InjectedSequencerLengthConfig
     /tmp/cc70RZgt.s:566    .text:00000000000002e0 ADC_SetInjectedOffset
     /tmp/cc70RZgt.s:587    .text:00000000000002f8 ADC_ExternalTrigInjectedConvConfig
     /tmp/cc70RZgt.s:602    .text:0000000000000304 ADC_ExternalTrigInjectedConvEdgeConfig
     /tmp/cc70RZgt.s:617    .text:0000000000000310 ADC_SoftwareStartInjectedConv
     /tmp/cc70RZgt.s:631    .text:000000000000031c ADC_GetSoftwareStartInjectedConvCmdStatus
     /tmp/cc70RZgt.s:644    .text:0000000000000324 ADC_AutoInjectedConvCmd
     /tmp/cc70RZgt.s:663    .text:0000000000000338 ADC_InjectedDiscModeCmd
     /tmp/cc70RZgt.s:682    .text:000000000000034c ADC_GetInjectedConversionValue
     /tmp/cc70RZgt.s:705    .text:0000000000000368 ADC_ITConfig
     /tmp/cc70RZgt.s:727    .text:0000000000000384 ADC_GetFlagStatus
     /tmp/cc70RZgt.s:743    .text:0000000000000390 ADC_ClearFlag
     /tmp/cc70RZgt.s:756    .text:0000000000000398 ADC_GetITStatus
     /tmp/cc70RZgt.s:779    .text:00000000000003b4 ADC_ClearITPendingBit

UNDEFINED SYMBOLS
RCC_APB2PeriphResetCmd
