   1              		.syntax unified
   2              		.cpu cortex-m4
   3              		.fpu softvfp
   4              		.eabi_attribute 20, 1
   5              		.eabi_attribute 21, 1
   6              		.eabi_attribute 23, 3
   7              		.eabi_attribute 24, 1
   8              		.eabi_attribute 25, 1
   9              		.eabi_attribute 26, 1
  10              		.eabi_attribute 30, 2
  11              		.eabi_attribute 18, 4
  12              		.thumb
  13              		.file	"stm32f4xx_hash_sha1.c"
  14              		.text
  15              		.align	2
  16              		.global	HASH_SHA1
  17              		.thumb
  18              		.thumb_func
  20              	HASH_SHA1:
  21              		@ args = 0, pretend = 0, frame = 48
  22              		@ frame_needed = 0, uses_anonymous_args = 0
  23 0000 F0B5     		push	{r4, r5, r6, r7, lr}
  24 0002 01F00303 		and	r3, r1, #3
  25 0006 8DB0     		sub	sp, sp, #52
  26 0008 0026     		movs	r6, #0
  27 000a DB00     		lsls	r3, r3, #3
  28 000c 0C46     		mov	r4, r1
  29 000e ADF82E60 		strh	r6, [sp, #46]	@ movhi
  30 0012 0546     		mov	r5, r0
  31 0014 1746     		mov	r7, r2
  32 0016 0A96     		str	r6, [sp, #40]
  33 0018 ADF82E30 		strh	r3, [sp, #46]	@ movhi
  34 001c FFF7FEFF 		bl	HASH_DeInit
  35 0020 06A8     		add	r0, sp, #24
  36 0022 2023     		movs	r3, #32
  37 0024 0696     		str	r6, [sp, #24]
  38 0026 0796     		str	r6, [sp, #28]
  39 0028 0893     		str	r3, [sp, #32]
  40 002a FFF7FEFF 		bl	HASH_Init
  41 002e BDF82E00 		ldrh	r0, [sp, #46]
  42 0032 80B2     		uxth	r0, r0
  43 0034 FFF7FEFF 		bl	HASH_SetLastWordValidBitsNbr
  44 0038 2CB1     		cbz	r4, .L2
  45              	.L3:
  46 003a A859     		ldr	r0, [r5, r6]
  47 003c 0436     		adds	r6, r6, #4
  48 003e FFF7FEFF 		bl	HASH_DataIn
  49 0042 B442     		cmp	r4, r6
  50 0044 F9D8     		bhi	.L3
  51              	.L2:
  52 0046 FFF7FEFF 		bl	HASH_StartDigest
  53 004a 00E0     		b	.L5
  54              	.L12:
  55 004c 68B1     		cbz	r0, .L6
  56              	.L5:
  57 004e 0820     		movs	r0, #8
  58 0050 FFF7FEFF 		bl	HASH_GetFlagStatus
  59 0054 0A9B     		ldr	r3, [sp, #40]
  60 0056 0133     		adds	r3, r3, #1
  61 0058 0A93     		str	r3, [sp, #40]
  62 005a 0A9B     		ldr	r3, [sp, #40]
  63 005c B3F5803F 		cmp	r3, #65536
  64 0060 F4D1     		bne	.L12
  65 0062 10B1     		cbz	r0, .L6
  66 0064 0020     		movs	r0, #0
  67              	.L7:
  68 0066 0DB0     		add	sp, sp, #52
  69 0068 F0BD     		pop	{r4, r5, r6, r7, pc}
  70              	.L6:
  71 006a 01A8     		add	r0, sp, #4
  72 006c FFF7FEFF 		bl	HASH_GetDigest
  73 0070 019B     		ldr	r3, [sp, #4]
  74              	@ 352 "//home/pyro/workspace/workspace_STM32/CAN/lib/CMSIS/Include/core_cmInstr.h" 1
  75 0072 1BBA     		rev r3, r3
  76              	@ 0 "" 2
  77              		.thumb
  78 0074 3B60     		str	r3, [r7, #0]
  79 0076 029B     		ldr	r3, [sp, #8]
  80              	@ 352 "//home/pyro/workspace/workspace_STM32/CAN/lib/CMSIS/Include/core_cmInstr.h" 1
  81 0078 1BBA     		rev r3, r3
  82              	@ 0 "" 2
  83              		.thumb
  84 007a 7B60     		str	r3, [r7, #4]
  85 007c 039B     		ldr	r3, [sp, #12]
  86              	@ 352 "//home/pyro/workspace/workspace_STM32/CAN/lib/CMSIS/Include/core_cmInstr.h" 1
  87 007e 1BBA     		rev r3, r3
  88              	@ 0 "" 2
  89              		.thumb
  90 0080 BB60     		str	r3, [r7, #8]
  91 0082 049B     		ldr	r3, [sp, #16]
  92              	@ 352 "//home/pyro/workspace/workspace_STM32/CAN/lib/CMSIS/Include/core_cmInstr.h" 1
  93 0084 1BBA     		rev r3, r3
  94              	@ 0 "" 2
  95              		.thumb
  96 0086 FB60     		str	r3, [r7, #12]
  97 0088 059B     		ldr	r3, [sp, #20]
  98              	@ 352 "//home/pyro/workspace/workspace_STM32/CAN/lib/CMSIS/Include/core_cmInstr.h" 1
  99 008a 1BBA     		rev r3, r3
 100              	@ 0 "" 2
 101              		.thumb
 102 008c 0120     		movs	r0, #1
 103 008e 3B61     		str	r3, [r7, #16]
 104 0090 E9E7     		b	.L7
 106 0092 00BF     		.align	2
 107              		.global	HMAC_SHA1
 108              		.thumb
 109              		.thumb_func
 111              	HMAC_SHA1:
 112              		@ args = 4, pretend = 0, frame = 48
 113              		@ frame_needed = 0, uses_anonymous_args = 0
 114 0094 2DE9F043 		push	{r4, r5, r6, r7, r8, r9, lr}
 115 0098 0C46     		mov	r4, r1
 116 009a 8DB0     		sub	sp, sp, #52
 117 009c 03F00301 		and	r1, r3, #3
 118 00a0 1E46     		mov	r6, r3
 119 00a2 04F00303 		and	r3, r4, #3
 120 00a6 0027     		movs	r7, #0
 121 00a8 DB00     		lsls	r3, r3, #3
 122 00aa C900     		lsls	r1, r1, #3
 123 00ac ADF82C70 		strh	r7, [sp, #44]	@ movhi
 124 00b0 0546     		mov	r5, r0
 125 00b2 ADF82E70 		strh	r7, [sp, #46]	@ movhi
 126 00b6 9046     		mov	r8, r2
 127 00b8 0A97     		str	r7, [sp, #40]
 128 00ba DDF85090 		ldr	r9, [sp, #80]
 129 00be ADF82C10 		strh	r1, [sp, #44]	@ movhi
 130 00c2 ADF82E30 		strh	r3, [sp, #46]	@ movhi
 131 00c6 FFF7FEFF 		bl	HASH_DeInit
 132 00ca 4023     		movs	r3, #64
 133 00cc 0793     		str	r3, [sp, #28]
 134 00ce 2023     		movs	r3, #32
 135 00d0 402C     		cmp	r4, #64
 136 00d2 0697     		str	r7, [sp, #24]
 137 00d4 0893     		str	r3, [sp, #32]
 138 00d6 06A8     		add	r0, sp, #24
 139 00d8 22D8     		bhi	.L14
 140 00da 0997     		str	r7, [sp, #36]
 141 00dc FFF7FEFF 		bl	HASH_Init
 142 00e0 BDF82E00 		ldrh	r0, [sp, #46]
 143 00e4 80B2     		uxth	r0, r0
 144 00e6 FFF7FEFF 		bl	HASH_SetLastWordValidBitsNbr
 145 00ea 34B1     		cbz	r4, .L15
 146              	.L31:
 147 00ec 0027     		movs	r7, #0
 148              	.L16:
 149 00ee E859     		ldr	r0, [r5, r7]
 150 00f0 0437     		adds	r7, r7, #4
 151 00f2 FFF7FEFF 		bl	HASH_DataIn
 152 00f6 BC42     		cmp	r4, r7
 153 00f8 F9D8     		bhi	.L16
 154              	.L15:
 155 00fa FFF7FEFF 		bl	HASH_StartDigest
 156 00fe 00E0     		b	.L18
 157              	.L41:
 158 0100 C8B1     		cbz	r0, .L19
 159              	.L18:
 160 0102 0820     		movs	r0, #8
 161 0104 FFF7FEFF 		bl	HASH_GetFlagStatus
 162 0108 0A9B     		ldr	r3, [sp, #40]
 163 010a 0133     		adds	r3, r3, #1
 164 010c 0A93     		str	r3, [sp, #40]
 165 010e 0A9B     		ldr	r3, [sp, #40]
 166 0110 B3F5803F 		cmp	r3, #65536
 167 0114 F4D1     		bne	.L41
 168 0116 70B1     		cbz	r0, .L19
 169              	.L34:
 170 0118 0020     		movs	r0, #0
 171              	.L20:
 172 011a 0DB0     		add	sp, sp, #52
 173 011c BDE8F083 		pop	{r4, r5, r6, r7, r8, r9, pc}
 174              	.L14:
 175 0120 4FF48033 		mov	r3, #65536
 176 0124 0993     		str	r3, [sp, #36]
 177 0126 FFF7FEFF 		bl	HASH_Init
 178 012a BDF82E00 		ldrh	r0, [sp, #46]
 179 012e 80B2     		uxth	r0, r0
 180 0130 FFF7FEFF 		bl	HASH_SetLastWordValidBitsNbr
 181 0134 DAE7     		b	.L31
 182              	.L19:
 183 0136 BDF82C00 		ldrh	r0, [sp, #44]
 184 013a 80B2     		uxth	r0, r0
 185 013c FFF7FEFF 		bl	HASH_SetLastWordValidBitsNbr
 186 0140 3EB1     		cbz	r6, .L21
 187 0142 0027     		movs	r7, #0
 188              	.L22:
 189 0144 58F80700 		ldr	r0, [r8, r7]
 190 0148 0437     		adds	r7, r7, #4
 191 014a FFF7FEFF 		bl	HASH_DataIn
 192 014e BE42     		cmp	r6, r7
 193 0150 F8D8     		bhi	.L22
 194              	.L21:
 195 0152 FFF7FEFF 		bl	HASH_StartDigest
 196 0156 0023     		movs	r3, #0
 197 0158 0A93     		str	r3, [sp, #40]
 198 015a 00E0     		b	.L24
 199              	.L42:
 200 015c 58B1     		cbz	r0, .L25
 201              	.L24:
 202 015e 0820     		movs	r0, #8
 203 0160 FFF7FEFF 		bl	HASH_GetFlagStatus
 204 0164 0A9B     		ldr	r3, [sp, #40]
 205 0166 0133     		adds	r3, r3, #1
 206 0168 0A93     		str	r3, [sp, #40]
 207 016a 0A9B     		ldr	r3, [sp, #40]
 208 016c B3F5803F 		cmp	r3, #65536
 209 0170 F4D1     		bne	.L42
 210 0172 0028     		cmp	r0, #0
 211 0174 D0D1     		bne	.L34
 212              	.L25:
 213 0176 BDF82E00 		ldrh	r0, [sp, #46]
 214 017a 80B2     		uxth	r0, r0
 215 017c FFF7FEFF 		bl	HASH_SetLastWordValidBitsNbr
 216 0180 34B1     		cbz	r4, .L26
 217 0182 0026     		movs	r6, #0
 218              	.L27:
 219 0184 A859     		ldr	r0, [r5, r6]
 220 0186 0436     		adds	r6, r6, #4
 221 0188 FFF7FEFF 		bl	HASH_DataIn
 222 018c B442     		cmp	r4, r6
 223 018e F9D8     		bhi	.L27
 224              	.L26:
 225 0190 FFF7FEFF 		bl	HASH_StartDigest
 226 0194 0023     		movs	r3, #0
 227 0196 0A93     		str	r3, [sp, #40]
 228 0198 00E0     		b	.L29
 229              	.L43:
 230 019a 58B1     		cbz	r0, .L30
 231              	.L29:
 232 019c 0820     		movs	r0, #8
 233 019e FFF7FEFF 		bl	HASH_GetFlagStatus
 234 01a2 0A9B     		ldr	r3, [sp, #40]
 235 01a4 0133     		adds	r3, r3, #1
 236 01a6 0A93     		str	r3, [sp, #40]
 237 01a8 0A9B     		ldr	r3, [sp, #40]
 238 01aa B3F5803F 		cmp	r3, #65536
 239 01ae F4D1     		bne	.L43
 240 01b0 0028     		cmp	r0, #0
 241 01b2 B1D1     		bne	.L34
 242              	.L30:
 243 01b4 01A8     		add	r0, sp, #4
 244 01b6 FFF7FEFF 		bl	HASH_GetDigest
 245 01ba 019B     		ldr	r3, [sp, #4]
 246              	@ 352 "//home/pyro/workspace/workspace_STM32/CAN/lib/CMSIS/Include/core_cmInstr.h" 1
 247 01bc 1BBA     		rev r3, r3
 248              	@ 0 "" 2
 249              		.thumb
 250 01be C9F80030 		str	r3, [r9, #0]
 251 01c2 029B     		ldr	r3, [sp, #8]
 252              	@ 352 "//home/pyro/workspace/workspace_STM32/CAN/lib/CMSIS/Include/core_cmInstr.h" 1
 253 01c4 1BBA     		rev r3, r3
 254              	@ 0 "" 2
 255              		.thumb
 256 01c6 C9F80430 		str	r3, [r9, #4]
 257 01ca 039B     		ldr	r3, [sp, #12]
 258              	@ 352 "//home/pyro/workspace/workspace_STM32/CAN/lib/CMSIS/Include/core_cmInstr.h" 1
 259 01cc 1BBA     		rev r3, r3
 260              	@ 0 "" 2
 261              		.thumb
 262 01ce C9F80830 		str	r3, [r9, #8]
 263 01d2 049B     		ldr	r3, [sp, #16]
 264              	@ 352 "//home/pyro/workspace/workspace_STM32/CAN/lib/CMSIS/Include/core_cmInstr.h" 1
 265 01d4 1BBA     		rev r3, r3
 266              	@ 0 "" 2
 267              		.thumb
 268 01d6 C9F80C30 		str	r3, [r9, #12]
 269 01da 059B     		ldr	r3, [sp, #20]
 270              	@ 352 "//home/pyro/workspace/workspace_STM32/CAN/lib/CMSIS/Include/core_cmInstr.h" 1
 271 01dc 1BBA     		rev r3, r3
 272              	@ 0 "" 2
 273              		.thumb
 274 01de 0120     		movs	r0, #1
 275 01e0 C9F81030 		str	r3, [r9, #16]
 276 01e4 99E7     		b	.L20
 278 01e6 00BF     		.ident	"GCC: (Linaro GCC 4.6-2011.10) 4.6.2 20111004 (prerelease)"
DEFINED SYMBOLS
                            *ABS*:0000000000000000 stm32f4xx_hash_sha1.c
     /tmp/ccUb7blI.s:15     .text:0000000000000000 $t
     /tmp/ccUb7blI.s:20     .text:0000000000000000 HASH_SHA1
     /tmp/ccUb7blI.s:111    .text:0000000000000094 HMAC_SHA1

UNDEFINED SYMBOLS
HASH_DeInit
HASH_Init
HASH_SetLastWordValidBitsNbr
HASH_DataIn
HASH_StartDigest
HASH_GetFlagStatus
HASH_GetDigest
