   1              		.syntax unified
   2              		.cpu cortex-m4
   3              		.fpu softvfp
   4              		.eabi_attribute 20, 1
   5              		.eabi_attribute 21, 1
   6              		.eabi_attribute 23, 3
   7              		.eabi_attribute 24, 1
   8              		.eabi_attribute 25, 1
   9              		.eabi_attribute 26, 1
  10              		.eabi_attribute 30, 2
  11              		.eabi_attribute 18, 4
  12              		.thumb
  13              		.file	"stm32f4xx_dbgmcu.c"
  14              		.text
  15              		.align	2
  16              		.global	DBGMCU_GetREVID
  17              		.thumb
  18              		.thumb_func
  20              	DBGMCU_GetREVID:
  21              		@ args = 0, pretend = 0, frame = 0
  22              		@ frame_needed = 0, uses_anonymous_args = 0
  23              		@ link register save eliminated.
  24 0000 4FF40053 		mov	r3, #8192
  25 0004 CEF20403 		movt	r3, 57348
  26 0008 1868     		ldr	r0, [r3, #0]
  27 000a 000C     		lsrs	r0, r0, #16
  28 000c 7047     		bx	lr
  30 000e 00BF     		.align	2
  31              		.global	DBGMCU_GetDEVID
  32              		.thumb
  33              		.thumb_func
  35              	DBGMCU_GetDEVID:
  36              		@ args = 0, pretend = 0, frame = 0
  37              		@ frame_needed = 0, uses_anonymous_args = 0
  38              		@ link register save eliminated.
  39 0010 4FF40053 		mov	r3, #8192
  40 0014 CEF20403 		movt	r3, 57348
  41 0018 1868     		ldr	r0, [r3, #0]
  42 001a 0005     		lsls	r0, r0, #20
  43 001c 000D     		lsrs	r0, r0, #20
  44 001e 7047     		bx	lr
  46              		.align	2
  47              		.global	DBGMCU_Config
  48              		.thumb
  49              		.thumb_func
  51              	DBGMCU_Config:
  52              		@ args = 0, pretend = 0, frame = 0
  53              		@ frame_needed = 0, uses_anonymous_args = 0
  54              		@ link register save eliminated.
  55 0020 4FF40053 		mov	r3, #8192
  56 0024 CEF20403 		movt	r3, 57348
  57 0028 5A68     		ldr	r2, [r3, #4]
  58 002a 19B9     		cbnz	r1, .L7
  59 002c 22EA0000 		bic	r0, r2, r0
  60 0030 5860     		str	r0, [r3, #4]
  61 0032 7047     		bx	lr
  62              	.L7:
  63 0034 1043     		orrs	r0, r0, r2
  64 0036 5860     		str	r0, [r3, #4]
  65 0038 7047     		bx	lr
  67 003a 00BF     		.align	2
  68              		.global	DBGMCU_APB1PeriphConfig
  69              		.thumb
  70              		.thumb_func
  72              	DBGMCU_APB1PeriphConfig:
  73              		@ args = 0, pretend = 0, frame = 0
  74              		@ frame_needed = 0, uses_anonymous_args = 0
  75              		@ link register save eliminated.
  76 003c 4FF40053 		mov	r3, #8192
  77 0040 CEF20403 		movt	r3, 57348
  78 0044 9A68     		ldr	r2, [r3, #8]
  79 0046 19B9     		cbnz	r1, .L11
  80 0048 22EA0000 		bic	r0, r2, r0
  81 004c 9860     		str	r0, [r3, #8]
  82 004e 7047     		bx	lr
  83              	.L11:
  84 0050 1043     		orrs	r0, r0, r2
  85 0052 9860     		str	r0, [r3, #8]
  86 0054 7047     		bx	lr
  88 0056 00BF     		.align	2
  89              		.global	DBGMCU_APB2PeriphConfig
  90              		.thumb
  91              		.thumb_func
  93              	DBGMCU_APB2PeriphConfig:
  94              		@ args = 0, pretend = 0, frame = 0
  95              		@ frame_needed = 0, uses_anonymous_args = 0
  96              		@ link register save eliminated.
  97 0058 4FF40053 		mov	r3, #8192
  98 005c CEF20403 		movt	r3, 57348
  99 0060 DA68     		ldr	r2, [r3, #12]
 100 0062 19B9     		cbnz	r1, .L15
 101 0064 22EA0000 		bic	r0, r2, r0
 102 0068 D860     		str	r0, [r3, #12]
 103 006a 7047     		bx	lr
 104              	.L15:
 105 006c 1043     		orrs	r0, r0, r2
 106 006e D860     		str	r0, [r3, #12]
 107 0070 7047     		bx	lr
 109 0072 00BF     		.ident	"GCC: (Linaro GCC 4.6-2011.10) 4.6.2 20111004 (prerelease)"
DEFINED SYMBOLS
                            *ABS*:0000000000000000 stm32f4xx_dbgmcu.c
     /tmp/ccUjlufD.s:15     .text:0000000000000000 $t
     /tmp/ccUjlufD.s:20     .text:0000000000000000 DBGMCU_GetREVID
     /tmp/ccUjlufD.s:35     .text:0000000000000010 DBGMCU_GetDEVID
     /tmp/ccUjlufD.s:51     .text:0000000000000020 DBGMCU_Config
     /tmp/ccUjlufD.s:72     .text:000000000000003c DBGMCU_APB1PeriphConfig
     /tmp/ccUjlufD.s:93     .text:0000000000000058 DBGMCU_APB2PeriphConfig

NO UNDEFINED SYMBOLS
