   1              		.syntax unified
   2              		.cpu cortex-m4
   3              		.fpu softvfp
   4              		.eabi_attribute 20, 1
   5              		.eabi_attribute 21, 1
   6              		.eabi_attribute 23, 3
   7              		.eabi_attribute 24, 1
   8              		.eabi_attribute 25, 1
   9              		.eabi_attribute 26, 1
  10              		.eabi_attribute 30, 2
  11              		.eabi_attribute 18, 4
  12              		.thumb
  13              		.file	"stm32f4xx_wwdg.c"
  14              		.text
  15              		.align	2
  16              		.global	WWDG_DeInit
  17              		.thumb
  18              		.thumb_func
  20              	WWDG_DeInit:
  21              		@ args = 0, pretend = 0, frame = 0
  22              		@ frame_needed = 0, uses_anonymous_args = 0
  23 0000 08B5     		push	{r3, lr}
  24 0002 0121     		movs	r1, #1
  25 0004 4FF40060 		mov	r0, #2048
  26 0008 FFF7FEFF 		bl	RCC_APB1PeriphResetCmd
  27 000c 4FF40060 		mov	r0, #2048
  28 0010 0021     		movs	r1, #0
  29 0012 BDE80840 		pop	{r3, lr}
  30 0016 FFF7FEBF 		b	RCC_APB1PeriphResetCmd
  32 001a 00BF     		.align	2
  33              		.global	WWDG_SetPrescaler
  34              		.thumb
  35              		.thumb_func
  37              	WWDG_SetPrescaler:
  38              		@ args = 0, pretend = 0, frame = 0
  39              		@ frame_needed = 0, uses_anonymous_args = 0
  40              		@ link register save eliminated.
  41 001c 4FF43053 		mov	r3, #11264
  42 0020 C4F20003 		movt	r3, 16384
  43 0024 5A68     		ldr	r2, [r3, #4]
  44 0026 22F4C072 		bic	r2, r2, #384
  45 002a 0243     		orrs	r2, r2, r0
  46 002c 5A60     		str	r2, [r3, #4]
  47 002e 7047     		bx	lr
  49              		.align	2
  50              		.global	WWDG_SetWindowValue
  51              		.thumb
  52              		.thumb_func
  54              	WWDG_SetWindowValue:
  55              		@ args = 0, pretend = 0, frame = 8
  56              		@ frame_needed = 0, uses_anonymous_args = 0
  57              		@ link register save eliminated.
  58 0030 82B0     		sub	sp, sp, #8
  59 0032 4FF43053 		mov	r3, #11264
  60 0036 C4F20003 		movt	r3, 16384
  61 003a 0022     		movs	r2, #0
  62 003c 0192     		str	r2, [sp, #4]
  63 003e 5A68     		ldr	r2, [r3, #4]
  64 0040 22F07F02 		bic	r2, r2, #127
  65 0044 0192     		str	r2, [sp, #4]
  66 0046 019A     		ldr	r2, [sp, #4]
  67 0048 00F07F00 		and	r0, r0, #127
  68 004c 0243     		orrs	r2, r2, r0
  69 004e 0192     		str	r2, [sp, #4]
  70 0050 019A     		ldr	r2, [sp, #4]
  71 0052 5A60     		str	r2, [r3, #4]
  72 0054 02B0     		add	sp, sp, #8
  73 0056 7047     		bx	lr
  75              		.align	2
  76              		.global	WWDG_EnableIT
  77              		.thumb
  78              		.thumb_func
  80              	WWDG_EnableIT:
  81              		@ args = 0, pretend = 0, frame = 0
  82              		@ frame_needed = 0, uses_anonymous_args = 0
  83              		@ link register save eliminated.
  84 0058 48F2A403 		movw	r3, #32932
  85 005c C4F20523 		movt	r3, 16901
  86 0060 0122     		movs	r2, #1
  87 0062 1A60     		str	r2, [r3, #0]
  88 0064 7047     		bx	lr
  90 0066 00BF     		.align	2
  91              		.global	WWDG_SetCounter
  92              		.thumb
  93              		.thumb_func
  95              	WWDG_SetCounter:
  96              		@ args = 0, pretend = 0, frame = 0
  97              		@ frame_needed = 0, uses_anonymous_args = 0
  98              		@ link register save eliminated.
  99 0068 4FF43053 		mov	r3, #11264
 100 006c C4F20003 		movt	r3, 16384
 101 0070 00F07F00 		and	r0, r0, #127
 102 0074 1860     		str	r0, [r3, #0]
 103 0076 7047     		bx	lr
 105              		.align	2
 106              		.global	WWDG_Enable
 107              		.thumb
 108              		.thumb_func
 110              	WWDG_Enable:
 111              		@ args = 0, pretend = 0, frame = 0
 112              		@ frame_needed = 0, uses_anonymous_args = 0
 113              		@ link register save eliminated.
 114 0078 4FF43053 		mov	r3, #11264
 115 007c C4F20003 		movt	r3, 16384
 116 0080 40F08000 		orr	r0, r0, #128
 117 0084 1860     		str	r0, [r3, #0]
 118 0086 7047     		bx	lr
 120              		.align	2
 121              		.global	WWDG_GetFlagStatus
 122              		.thumb
 123              		.thumb_func
 125              	WWDG_GetFlagStatus:
 126              		@ args = 0, pretend = 0, frame = 0
 127              		@ frame_needed = 0, uses_anonymous_args = 0
 128              		@ link register save eliminated.
 129 0088 4FF43053 		mov	r3, #11264
 130 008c C4F20003 		movt	r3, 16384
 131 0090 9868     		ldr	r0, [r3, #8]
 132 0092 0030     		adds	r0, r0, #0
 133 0094 18BF     		it	ne
 134 0096 0120     		movne	r0, #1
 135 0098 7047     		bx	lr
 137 009a 00BF     		.align	2
 138              		.global	WWDG_ClearFlag
 139              		.thumb
 140              		.thumb_func
 142              	WWDG_ClearFlag:
 143              		@ args = 0, pretend = 0, frame = 0
 144              		@ frame_needed = 0, uses_anonymous_args = 0
 145              		@ link register save eliminated.
 146 009c 4FF43053 		mov	r3, #11264
 147 00a0 C4F20003 		movt	r3, 16384
 148 00a4 0022     		movs	r2, #0
 149 00a6 9A60     		str	r2, [r3, #8]
 150 00a8 7047     		bx	lr
 152 00aa 00BF     		.ident	"GCC: (Linaro GCC 4.6-2011.10) 4.6.2 20111004 (prerelease)"
DEFINED SYMBOLS
                            *ABS*:0000000000000000 stm32f4xx_wwdg.c
     /tmp/ccW5aGtJ.s:15     .text:0000000000000000 $t
     /tmp/ccW5aGtJ.s:20     .text:0000000000000000 WWDG_DeInit
     /tmp/ccW5aGtJ.s:37     .text:000000000000001c WWDG_SetPrescaler
     /tmp/ccW5aGtJ.s:54     .text:0000000000000030 WWDG_SetWindowValue
     /tmp/ccW5aGtJ.s:80     .text:0000000000000058 WWDG_EnableIT
     /tmp/ccW5aGtJ.s:95     .text:0000000000000068 WWDG_SetCounter
     /tmp/ccW5aGtJ.s:110    .text:0000000000000078 WWDG_Enable
     /tmp/ccW5aGtJ.s:125    .text:0000000000000088 WWDG_GetFlagStatus
     /tmp/ccW5aGtJ.s:142    .text:000000000000009c WWDG_ClearFlag

UNDEFINED SYMBOLS
RCC_APB1PeriphResetCmd
