   1              		.syntax unified
   2              		.cpu cortex-m4
   3              		.fpu softvfp
   4              		.eabi_attribute 20, 1
   5              		.eabi_attribute 21, 1
   6              		.eabi_attribute 23, 3
   7              		.eabi_attribute 24, 1
   8              		.eabi_attribute 25, 1
   9              		.eabi_attribute 26, 1
  10              		.eabi_attribute 30, 2
  11              		.eabi_attribute 18, 4
  12              		.thumb
  13              		.file	"stm32f4xx_iwdg.c"
  14              		.text
  15              		.align	2
  16              		.global	IWDG_WriteAccessCmd
  17              		.thumb
  18              		.thumb_func
  20              	IWDG_WriteAccessCmd:
  21              		@ args = 0, pretend = 0, frame = 0
  22              		@ frame_needed = 0, uses_anonymous_args = 0
  23              		@ link register save eliminated.
  24 0000 4FF44053 		mov	r3, #12288
  25 0004 C4F20003 		movt	r3, 16384
  26 0008 1860     		str	r0, [r3, #0]
  27 000a 7047     		bx	lr
  29              		.align	2
  30              		.global	IWDG_SetPrescaler
  31              		.thumb
  32              		.thumb_func
  34              	IWDG_SetPrescaler:
  35              		@ args = 0, pretend = 0, frame = 0
  36              		@ frame_needed = 0, uses_anonymous_args = 0
  37              		@ link register save eliminated.
  38 000c 4FF44053 		mov	r3, #12288
  39 0010 C4F20003 		movt	r3, 16384
  40 0014 5860     		str	r0, [r3, #4]
  41 0016 7047     		bx	lr
  43              		.align	2
  44              		.global	IWDG_SetReload
  45              		.thumb
  46              		.thumb_func
  48              	IWDG_SetReload:
  49              		@ args = 0, pretend = 0, frame = 0
  50              		@ frame_needed = 0, uses_anonymous_args = 0
  51              		@ link register save eliminated.
  52 0018 4FF44053 		mov	r3, #12288
  53 001c C4F20003 		movt	r3, 16384
  54 0020 9860     		str	r0, [r3, #8]
  55 0022 7047     		bx	lr
  57              		.align	2
  58              		.global	IWDG_ReloadCounter
  59              		.thumb
  60              		.thumb_func
  62              	IWDG_ReloadCounter:
  63              		@ args = 0, pretend = 0, frame = 0
  64              		@ frame_needed = 0, uses_anonymous_args = 0
  65              		@ link register save eliminated.
  66 0024 4FF44053 		mov	r3, #12288
  67 0028 C4F20003 		movt	r3, 16384
  68 002c 4AF6AA22 		movw	r2, #43690
  69 0030 1A60     		str	r2, [r3, #0]
  70 0032 7047     		bx	lr
  72              		.align	2
  73              		.global	IWDG_Enable
  74              		.thumb
  75              		.thumb_func
  77              	IWDG_Enable:
  78              		@ args = 0, pretend = 0, frame = 0
  79              		@ frame_needed = 0, uses_anonymous_args = 0
  80              		@ link register save eliminated.
  81 0034 4FF44053 		mov	r3, #12288
  82 0038 C4F20003 		movt	r3, 16384
  83 003c 4CF6CC42 		movw	r2, #52428
  84 0040 1A60     		str	r2, [r3, #0]
  85 0042 7047     		bx	lr
  87              		.align	2
  88              		.global	IWDG_GetFlagStatus
  89              		.thumb
  90              		.thumb_func
  92              	IWDG_GetFlagStatus:
  93              		@ args = 0, pretend = 0, frame = 0
  94              		@ frame_needed = 0, uses_anonymous_args = 0
  95              		@ link register save eliminated.
  96 0044 4FF44053 		mov	r3, #12288
  97 0048 C4F20003 		movt	r3, 16384
  98 004c DB68     		ldr	r3, [r3, #12]
  99 004e 1842     		tst	r0, r3
 100 0050 0CBF     		ite	eq
 101 0052 0020     		moveq	r0, #0
 102 0054 0120     		movne	r0, #1
 103 0056 7047     		bx	lr
 105              		.ident	"GCC: (Linaro GCC 4.6-2011.10) 4.6.2 20111004 (prerelease)"
DEFINED SYMBOLS
                            *ABS*:0000000000000000 stm32f4xx_iwdg.c
     /tmp/ccmbdpP0.s:15     .text:0000000000000000 $t
     /tmp/ccmbdpP0.s:20     .text:0000000000000000 IWDG_WriteAccessCmd
     /tmp/ccmbdpP0.s:34     .text:000000000000000c IWDG_SetPrescaler
     /tmp/ccmbdpP0.s:48     .text:0000000000000018 IWDG_SetReload
     /tmp/ccmbdpP0.s:62     .text:0000000000000024 IWDG_ReloadCounter
     /tmp/ccmbdpP0.s:77     .text:0000000000000034 IWDG_Enable
     /tmp/ccmbdpP0.s:92     .text:0000000000000044 IWDG_GetFlagStatus

NO UNDEFINED SYMBOLS
