   1              		.syntax unified
   2              		.cpu cortex-m4
   3              		.fpu softvfp
   4              		.eabi_attribute 20, 1
   5              		.eabi_attribute 21, 1
   6              		.eabi_attribute 23, 3
   7              		.eabi_attribute 24, 1
   8              		.eabi_attribute 25, 1
   9              		.eabi_attribute 26, 1
  10              		.eabi_attribute 30, 2
  11              		.eabi_attribute 18, 4
  12              		.thumb
  13              		.file	"stm32f4xx_syscfg.c"
  14              		.text
  15              		.align	2
  16              		.global	SYSCFG_DeInit
  17              		.thumb
  18              		.thumb_func
  20              	SYSCFG_DeInit:
  21              		@ args = 0, pretend = 0, frame = 0
  22              		@ frame_needed = 0, uses_anonymous_args = 0
  23 0000 08B5     		push	{r3, lr}
  24 0002 0121     		movs	r1, #1
  25 0004 4FF48040 		mov	r0, #16384
  26 0008 FFF7FEFF 		bl	RCC_APB2PeriphResetCmd
  27 000c 4FF48040 		mov	r0, #16384
  28 0010 0021     		movs	r1, #0
  29 0012 BDE80840 		pop	{r3, lr}
  30 0016 FFF7FEBF 		b	RCC_APB2PeriphResetCmd
  32 001a 00BF     		.align	2
  33              		.global	SYSCFG_MemoryRemapConfig
  34              		.thumb
  35              		.thumb_func
  37              	SYSCFG_MemoryRemapConfig:
  38              		@ args = 0, pretend = 0, frame = 0
  39              		@ frame_needed = 0, uses_anonymous_args = 0
  40              		@ link register save eliminated.
  41 001c 4FF46053 		mov	r3, #14336
  42 0020 C4F20103 		movt	r3, 16385
  43 0024 1860     		str	r0, [r3, #0]
  44 0026 7047     		bx	lr
  46              		.align	2
  47              		.global	SYSCFG_EXTILineConfig
  48              		.thumb
  49              		.thumb_func
  51              	SYSCFG_EXTILineConfig:
  52              		@ args = 0, pretend = 0, frame = 0
  53              		@ frame_needed = 0, uses_anonymous_args = 0
  54              		@ link register save eliminated.
  55 0028 8A08     		lsrs	r2, r1, #2
  56 002a 4FF46053 		mov	r3, #14336
  57 002e C4F20103 		movt	r3, 16385
  58 0032 0232     		adds	r2, r2, #2
  59 0034 01F00301 		and	r1, r1, #3
  60 0038 30B4     		push	{r4, r5}
  61 003a 8900     		lsls	r1, r1, #2
  62 003c 53F82250 		ldr	r5, [r3, r2, lsl #2]
  63 0040 0F24     		movs	r4, #15
  64 0042 8C40     		lsls	r4, r4, r1
  65 0044 25EA0404 		bic	r4, r5, r4
  66 0048 43F82240 		str	r4, [r3, r2, lsl #2]
  67 004c 53F82240 		ldr	r4, [r3, r2, lsl #2]
  68 0050 10FA01F1 		lsls	r1, r0, r1
  69 0054 0C43     		orrs	r4, r4, r1
  70 0056 43F82240 		str	r4, [r3, r2, lsl #2]
  71 005a 30BC     		pop	{r4, r5}
  72 005c 7047     		bx	lr
  74 005e 00BF     		.align	2
  75              		.global	SYSCFG_ETH_MediaInterfaceConfig
  76              		.thumb
  77              		.thumb_func
  79              	SYSCFG_ETH_MediaInterfaceConfig:
  80              		@ args = 0, pretend = 0, frame = 0
  81              		@ frame_needed = 0, uses_anonymous_args = 0
  82              		@ link register save eliminated.
  83 0060 DC23     		movs	r3, #220
  84 0062 C4F22723 		movt	r3, 16935
  85 0066 1860     		str	r0, [r3, #0]
  86 0068 7047     		bx	lr
  88 006a 00BF     		.align	2
  89              		.global	SYSCFG_CompensationCellCmd
  90              		.thumb
  91              		.thumb_func
  93              	SYSCFG_CompensationCellCmd:
  94              		@ args = 0, pretend = 0, frame = 0
  95              		@ frame_needed = 0, uses_anonymous_args = 0
  96              		@ link register save eliminated.
  97 006c 4FF48063 		mov	r3, #1024
  98 0070 C4F22723 		movt	r3, 16935
  99 0074 1860     		str	r0, [r3, #0]
 100 0076 7047     		bx	lr
 102              		.align	2
 103              		.global	SYSCFG_GetCompensationCellStatus
 104              		.thumb
 105              		.thumb_func
 107              	SYSCFG_GetCompensationCellStatus:
 108              		@ args = 0, pretend = 0, frame = 0
 109              		@ frame_needed = 0, uses_anonymous_args = 0
 110              		@ link register save eliminated.
 111 0078 4FF46053 		mov	r3, #14336
 112 007c C4F20103 		movt	r3, 16385
 113 0080 186A     		ldr	r0, [r3, #32]
 114 0082 C0F30020 		ubfx	r0, r0, #8, #1
 115 0086 7047     		bx	lr
 117              		.ident	"GCC: (Linaro GCC 4.6-2011.10) 4.6.2 20111004 (prerelease)"
DEFINED SYMBOLS
                            *ABS*:0000000000000000 stm32f4xx_syscfg.c
     /tmp/ccYvKHB9.s:15     .text:0000000000000000 $t
     /tmp/ccYvKHB9.s:20     .text:0000000000000000 SYSCFG_DeInit
     /tmp/ccYvKHB9.s:37     .text:000000000000001c SYSCFG_MemoryRemapConfig
     /tmp/ccYvKHB9.s:51     .text:0000000000000028 SYSCFG_EXTILineConfig
     /tmp/ccYvKHB9.s:79     .text:0000000000000060 SYSCFG_ETH_MediaInterfaceConfig
     /tmp/ccYvKHB9.s:93     .text:000000000000006c SYSCFG_CompensationCellCmd
     /tmp/ccYvKHB9.s:107    .text:0000000000000078 SYSCFG_GetCompensationCellStatus

UNDEFINED SYMBOLS
RCC_APB2PeriphResetCmd
