   1              		.syntax unified
   2              		.cpu cortex-m4
   3              		.fpu softvfp
   4              		.eabi_attribute 20, 1
   5              		.eabi_attribute 21, 1
   6              		.eabi_attribute 23, 3
   7              		.eabi_attribute 24, 1
   8              		.eabi_attribute 25, 1
   9              		.eabi_attribute 26, 1
  10              		.eabi_attribute 30, 2
  11              		.eabi_attribute 18, 4
  12              		.thumb
  13              		.file	"linked_list.c"
  14              		.text
  15              		.align	2
  16              		.global	list_create
  17              		.thumb
  18              		.thumb_func
  20              	list_create:
  21              		@ args = 0, pretend = 0, frame = 0
  22              		@ frame_needed = 0, uses_anonymous_args = 0
  23 0000 10B5     		push	{r4, lr}
  24 0002 0446     		mov	r4, r0
  25 0004 0820     		movs	r0, #8
  26 0006 FFF7FEFF 		bl	malloc
  27 000a 10B1     		cbz	r0, .L2
  28 000c 0023     		movs	r3, #0
  29 000e 0460     		str	r4, [r0, #0]
  30 0010 4360     		str	r3, [r0, #4]
  31              	.L2:
  32 0012 10BD     		pop	{r4, pc}
  34              		.align	2
  35              		.global	list_append
  36              		.thumb
  37              		.thumb_func
  39              	list_append:
  40              		@ args = 0, pretend = 0, frame = 0
  41              		@ frame_needed = 0, uses_anonymous_args = 0
  42 0014 38B5     		push	{r3, r4, r5, lr}
  43 0016 0446     		mov	r4, r0
  44 0018 0820     		movs	r0, #8
  45 001a 0D46     		mov	r5, r1
  46 001c FFF7FEFF 		bl	malloc
  47 0020 10B1     		cbz	r0, .L5
  48 0022 0023     		movs	r3, #0
  49 0024 0560     		str	r5, [r0, #0]
  50 0026 4360     		str	r3, [r0, #4]
  51              	.L5:
  52 0028 6368     		ldr	r3, [r4, #4]
  53 002a 3BB1     		cbz	r3, .L8
  54 002c 2346     		mov	r3, r4
  55              	.L7:
  56 002e 5B68     		ldr	r3, [r3, #4]
  57 0030 5A68     		ldr	r2, [r3, #4]
  58 0032 002A     		cmp	r2, #0
  59 0034 FBD1     		bne	.L7
  60              	.L6:
  61 0036 5860     		str	r0, [r3, #4]
  62 0038 2046     		mov	r0, r4
  63 003a 38BD     		pop	{r3, r4, r5, pc}
  64              	.L8:
  65 003c 2346     		mov	r3, r4
  66 003e FAE7     		b	.L6
  68              		.align	2
  69              		.global	list_countElements
  70              		.thumb
  71              		.thumb_func
  73              	list_countElements:
  74              		@ args = 0, pretend = 0, frame = 0
  75              		@ frame_needed = 0, uses_anonymous_args = 0
  76              		@ link register save eliminated.
  77 0040 4368     		ldr	r3, [r0, #4]
  78 0042 3BB1     		cbz	r3, .L13
  79 0044 0346     		mov	r3, r0
  80 0046 0020     		movs	r0, #0
  81              	.L12:
  82 0048 5B68     		ldr	r3, [r3, #4]
  83 004a 5A68     		ldr	r2, [r3, #4]
  84 004c 0130     		adds	r0, r0, #1
  85 004e 002A     		cmp	r2, #0
  86 0050 FAD1     		bne	.L12
  87 0052 7047     		bx	lr
  88              	.L13:
  89 0054 1846     		mov	r0, r3
  90 0056 7047     		bx	lr
  92              		.ident	"GCC: (Linaro GCC 4.6-2011.10) 4.6.2 20111004 (prerelease)"
DEFINED SYMBOLS
                            *ABS*:0000000000000000 linked_list.c
     /tmp/ccMX2rkm.s:15     .text:0000000000000000 $t
     /tmp/ccMX2rkm.s:20     .text:0000000000000000 list_create
     /tmp/ccMX2rkm.s:39     .text:0000000000000014 list_append
     /tmp/ccMX2rkm.s:73     .text:0000000000000040 list_countElements

UNDEFINED SYMBOLS
malloc
